2021-02-23 15:53:27,093 - urllib3.connectionpool -DEBUG - Starting new HTTPS connection (1): www.youtube.com:443
2021-02-23 15:53:27,308 - urllib3.connectionpool -DEBUG - https://www.youtube.com:443 "GET /results?search_query=docker HTTP/1.1" 200 None
2021-02-23 15:53:27,828 - root -ERROR - [SCRAP DOCKER] ERROR !! failed to access urlglobal name 'self' is not defined
2021-02-23 15:53:40,742 - urllib3.connectionpool -DEBUG - Starting new HTTPS connection (1): www.youtube.com:443
2021-02-23 15:53:40,899 - urllib3.connectionpool -DEBUG - https://www.youtube.com:443 "GET /results?search_query=docker HTTP/1.1" 200 None
2021-02-23 15:53:51,614 - urllib3.connectionpool -DEBUG - Starting new HTTPS connection (1): www.youtube.com:443
2021-02-23 15:53:51,765 - urllib3.connectionpool -DEBUG - https://www.youtube.com:443 "GET /results?search_query=docker HTTP/1.1" 200 None
2021-02-23 15:54:04,028 - urllib3.connectionpool -DEBUG - Starting new HTTPS connection (1): www.youtube.com:443
2021-02-23 15:54:04,186 - urllib3.connectionpool -DEBUG - https://www.youtube.com:443 "GET /results?search_query=docker HTTP/1.1" 200 None
2021-02-23 15:54:46,150 - urllib3.connectionpool -DEBUG - Starting new HTTPS connection (1): www.youtube.com:443
2021-02-23 15:54:46,341 - urllib3.connectionpool -DEBUG - https://www.youtube.com:443 "GET /results?search_query=docker HTTP/1.1" 200 None
2021-02-23 15:54:59,812 - urllib3.connectionpool -DEBUG - Starting new HTTPS connection (1): www.youtube.com:443
2021-02-23 15:54:59,976 - urllib3.connectionpool -DEBUG - https://www.youtube.com:443 "GET /results?search_query=docker HTTP/1.1" 200 None
2021-02-23 15:55:09,176 - urllib3.connectionpool -DEBUG - Starting new HTTPS connection (1): www.youtube.com:443
2021-02-23 15:55:09,337 - urllib3.connectionpool -DEBUG - https://www.youtube.com:443 "GET /results?search_query=docker HTTP/1.1" 200 None
2021-02-23 16:07:19,571 - urllib3.connectionpool -DEBUG - Starting new HTTPS connection (1): www.youtube.com:443
2021-02-23 16:07:19,761 - urllib3.connectionpool -DEBUG - https://www.youtube.com:443 "GET /results?search_query=docker HTTP/1.1" 200 None
2021-02-23 16:08:58,540 - urllib3.connectionpool -DEBUG - Starting new HTTPS connection (1): www.youtube.com:443
2021-02-23 16:08:58,694 - urllib3.connectionpool -DEBUG - https://www.youtube.com:443 "GET /results?search_query=docker HTTP/1.1" 200 None
2021-02-23 16:09:14,849 - urllib3.connectionpool -DEBUG - Starting new HTTPS connection (1): www.youtube.com:443
2021-02-23 16:09:15,006 - urllib3.connectionpool -DEBUG - https://www.youtube.com:443 "GET /results?search_query=docker HTTP/1.1" 200 None
2021-02-23 16:09:15,503 - root -INFO - [SCRAP DOcker] accessing docker title info -- Start
2021-02-23 16:20:41,535 - urllib3.connectionpool -DEBUG - Starting new HTTPS connection (1): www.youtube.com:443
2021-02-23 16:20:41,736 - urllib3.connectionpool -DEBUG - https://www.youtube.com:443 "GET /results?search_query=docker HTTP/1.1" 200 None
2021-02-23 16:20:42,566 - root -INFO - [SCRAP DOcker] accessing docker title info -- Start
2021-02-23 16:20:42,568 - root -INFO - [SCRAP] accessing carpet info -- End
2021-02-23 16:21:26,785 - urllib3.connectionpool -DEBUG - Starting new HTTPS connection (1): www.youtube.com:443
2021-02-23 16:21:26,959 - urllib3.connectionpool -DEBUG - https://www.youtube.com:443 "GET /results?search_query=docker HTTP/1.1" 200 None
2021-02-23 16:21:27,725 - root -INFO - [SCRAP DOcker] accessing docker title info -- Start
2021-02-23 16:26:10,626 - urllib3.connectionpool -DEBUG - Starting new HTTPS connection (1): www.youtube.com:443
2021-02-23 16:26:11,806 - urllib3.connectionpool -DEBUG - https://www.youtube.com:443 "GET /results?search_query=docker HTTP/1.1" 200 None
2021-02-23 16:26:12,501 - root -INFO - [SCRAP DOcker] accessing docker title info -- Start
2021-02-23 16:28:19,880 - urllib3.connectionpool -DEBUG - Starting new HTTPS connection (1): www.youtube.com:443
2021-02-23 16:28:20,061 - urllib3.connectionpool -DEBUG - https://www.youtube.com:443 "GET /results?search_query=docker HTTP/1.1" 200 None
2021-02-23 16:28:20,703 - root -INFO - [SCRAP DOcker] accessing docker title info -- Start
2021-02-23 16:28:40,992 - urllib3.connectionpool -DEBUG - Starting new HTTPS connection (1): www.youtube.com:443
2021-02-23 16:28:41,155 - urllib3.connectionpool -DEBUG - https://www.youtube.com:443 "GET /results?search_query=docker HTTP/1.1" 200 None
2021-02-23 16:28:41,807 - root -INFO - [SCRAP DOcker] accessing docker title info -- Start
2021-02-23 16:29:41,607 - urllib3.connectionpool -DEBUG - Starting new HTTPS connection (1): www.youtube.com:443
2021-02-23 16:29:41,799 - urllib3.connectionpool -DEBUG - https://www.youtube.com:443 "GET /results?search_query=docker HTTP/1.1" 200 None
2021-02-23 16:29:42,354 - root -INFO - [SCRAP DOcker] accessing docker title info -- Start
2021-02-23 16:39:27,623 - urllib3.connectionpool -DEBUG - Starting new HTTPS connection (1): www.youtube.com:443
2021-02-23 16:39:27,799 - urllib3.connectionpool -DEBUG - https://www.youtube.com:443 "GET /results?search_query=docker HTTP/1.1" 200 None
2021-02-23 16:39:28,471 - root -INFO - [SCRAP DOcker] accessing docker title info -- Start
2021-02-23 16:59:31,175 - urllib3.connectionpool -DEBUG - Starting new HTTPS connection (1): www.youtube.com:443
2021-02-23 16:59:31,361 - urllib3.connectionpool -DEBUG - https://www.youtube.com:443 "GET /results?search_query=docker HTTP/1.1" 200 None
2021-02-23 16:59:32,067 - root -INFO - [SCRAP DOcker] accessing docker title info -- Start
2021-02-23 16:59:39,314 - urllib3.connectionpool -DEBUG - Starting new HTTPS connection (1): www.youtube.com:443
2021-02-23 16:59:39,487 - urllib3.connectionpool -DEBUG - https://www.youtube.com:443 "GET /results?search_query=docker HTTP/1.1" 200 None
2021-02-23 16:59:40,078 - root -INFO - [SCRAP DOcker] accessing docker title info -- Start
2021-02-23 17:00:07,927 - urllib3.connectionpool -DEBUG - Starting new HTTPS connection (1): www.youtube.com:443
2021-02-23 17:00:08,099 - urllib3.connectionpool -DEBUG - https://www.youtube.com:443 "GET /results?search_query=docker HTTP/1.1" 200 None
2021-02-23 17:00:08,646 - root -INFO - [SCRAP DOcker] accessing docker title info -- Start
2021-02-24 08:33:53,792 - urllib3.connectionpool -DEBUG - Starting new HTTPS connection (1): www.youtube.com:443
2021-02-24 08:33:54,032 - urllib3.connectionpool -DEBUG - https://www.youtube.com:443 "GET /results?search_query=docker HTTP/1.1" 200 None
2021-02-24 08:33:54,775 - root -INFO - [SCRAP DOCKER] accessing docker title info -- Start
2021-02-24 08:35:21,387 - urllib3.connectionpool -DEBUG - Starting new HTTPS connection (1): www.youtube.com:443
2021-02-24 08:35:21,548 - urllib3.connectionpool -DEBUG - https://www.youtube.com:443 "GET /results?search_query=docker HTTP/1.1" 200 None
2021-02-24 08:35:21,944 - root -INFO - [SCRAP DOCKER] accessing docker title info -- Start
2021-02-24 08:35:21,945 - root -INFO - [SCRAP] accessing carpet info -- End
2021-02-24 08:37:21,057 - urllib3.connectionpool -DEBUG - Starting new HTTPS connection (1): www.youtube.com:443
2021-02-24 08:37:21,236 - urllib3.connectionpool -DEBUG - https://www.youtube.com:443 "GET /results?search_query=docker HTTP/1.1" 200 None
2021-02-24 08:37:21,827 - root -INFO - [SCRAP DOCKER] accessing docker title info -- Start
2021-02-24 08:37:21,828 - root -INFO - [SCRAP] accessing carpet info -- End
2021-02-24 11:51:39,833 - root -INFO - [DOCKER] accessing docker video title -- Start
2021-02-24 11:51:39,834 - root -INFO - [DOCKER] accessing docker video title -- End
2021-02-24 11:51:39,834 - root -INFO - [DOCKER] accessing docker video link -- Start
2021-02-24 11:51:39,834 - root -INFO - [DOCKER] accessing docker video link -- End
2021-02-24 11:51:39,834 - root -INFO - [DOCKER] accessing docker video youtuber -- Start
2021-02-24 11:51:39,834 - root -INFO - [DOCKER] accessing docker video youtuber -- End
2021-02-24 11:51:39,834 - root -INFO - [DOCKER] accessing docker video duration -- Start
2021-02-24 11:51:39,835 - root -INFO - [DOCKER] accessing docker video duration -- End
2021-02-24 11:51:39,835 - root -INFO - [DOCKER] accessing docker video vues -- Start
2021-02-24 11:51:39,835 - root -INFO - [DOCKER] accessing docker video vues -- End
2021-02-24 11:51:39,835 - root -INFO - [DOCKER] accessing docker video theme -- Start
2021-02-24 11:51:39,835 - root -INFO - [DOCKER] accessing docker video theme -- End
2021-02-24 11:51:39,835 - root -INFO - [DOCKER] accessing docker zip list -- Start
2021-02-24 11:51:39,835 - root -INFO - [DOCKER] accessing docker zip list -- End
2021-02-24 11:57:42,330 - root -INFO - [DOCKER] accessing docker video title -- Start
2021-02-24 11:57:42,330 - root -INFO - [DOCKER] accessing docker video title -- End
2021-02-24 11:57:42,331 - root -INFO - [DOCKER] accessing docker video link -- Start
2021-02-24 11:57:42,331 - root -INFO - [DOCKER] accessing docker video link -- End
2021-02-24 11:57:42,331 - root -INFO - [DOCKER] accessing docker video youtuber -- Start
2021-02-24 11:57:42,331 - root -INFO - [DOCKER] accessing docker video youtuber -- End
2021-02-24 11:57:42,331 - root -INFO - [DOCKER] accessing docker video duration -- Start
2021-02-24 11:57:42,331 - root -INFO - [DOCKER] accessing docker video duration -- End
2021-02-24 11:57:42,331 - root -INFO - [DOCKER] accessing docker video vues -- Start
2021-02-24 11:57:42,331 - root -INFO - [DOCKER] accessing docker video vues -- End
2021-02-24 11:57:42,331 - root -INFO - [DOCKER] accessing docker video theme -- Start
2021-02-24 11:57:42,331 - root -INFO - [DOCKER] accessing docker video theme -- End
2021-02-24 11:57:42,332 - root -INFO - [DOCKER] accessing docker zip list -- Start
2021-02-24 11:57:42,332 - root -INFO - [DOCKER] accessing docker zip list -- End
2021-02-25 10:49:41,125 - root -INFO - [DOCKER] accessing docker video title -- Start
2021-02-25 10:49:41,130 - root -INFO - [DOCKER] accessing docker video title -- End
2021-02-25 10:49:41,132 - root -INFO - [DOCKER] accessing docker video link -- Start
2021-02-25 10:49:41,134 - root -INFO - [DOCKER] accessing docker video link -- End
2021-02-25 10:49:41,136 - root -INFO - [DOCKER] accessing docker video youtuber -- Start
2021-02-25 10:49:41,138 - root -INFO - [DOCKER] accessing docker video youtuber -- End
2021-02-25 10:49:41,140 - root -INFO - [DOCKER] accessing docker video duration -- Start
2021-02-25 10:49:41,142 - root -INFO - [DOCKER] accessing docker video duration -- End
2021-02-25 10:49:41,144 - root -INFO - [DOCKER] accessing docker video vues -- Start
2021-02-25 10:49:41,145 - root -INFO - [DOCKER] accessing docker video vues -- End
2021-02-25 10:49:41,147 - root -INFO - [DOCKER] accessing docker video theme -- Start
2021-02-25 10:49:41,154 - root -INFO - [DOCKER] accessing docker video theme -- End
2021-02-25 10:49:41,155 - root -INFO - [DOCKER] accessing docker zip list -- Start
2021-02-25 10:49:41,157 - root -INFO - [DOCKER] accessing docker zip list -- End
2021-02-25 10:49:41,159 - root -INFO - [SQL] Connection with sql docker for docker video table: start
2021-02-25 10:49:41,256 - root -WARNING - [SQL] Failed to connect to docker container
2021-02-25 10:49:41,258 - root -WARNING - [SQL] Failed to establish query, check syntax, will affect creation of table
2021-02-25 10:49:41,260 - root -INFO - [SQL] Connection with sql connector : end
2021-02-25 10:58:35,757 - root -INFO - [DOCKER] accessing docker video title -- Start
2021-02-25 10:58:35,758 - root -INFO - [DOCKER] accessing docker video title -- End
2021-02-25 10:58:35,760 - root -INFO - [DOCKER] accessing docker video link -- Start
2021-02-25 10:58:35,762 - root -INFO - [DOCKER] accessing docker video link -- End
2021-02-25 10:58:35,763 - root -INFO - [DOCKER] accessing docker video youtuber -- Start
2021-02-25 10:58:35,766 - root -INFO - [DOCKER] accessing docker video youtuber -- End
2021-02-25 10:58:35,767 - root -INFO - [DOCKER] accessing docker video duration -- Start
2021-02-25 10:58:35,769 - root -INFO - [DOCKER] accessing docker video duration -- End
2021-02-25 10:58:35,771 - root -INFO - [DOCKER] accessing docker video vues -- Start
2021-02-25 10:58:35,772 - root -INFO - [DOCKER] accessing docker video vues -- End
2021-02-25 10:58:35,773 - root -INFO - [DOCKER] accessing docker video theme -- Start
2021-02-25 10:58:35,775 - root -INFO - [DOCKER] accessing docker video theme -- End
2021-02-25 10:58:35,777 - root -INFO - [DOCKER] accessing docker zip list -- Start
2021-02-25 10:58:35,778 - root -INFO - [DOCKER] accessing docker zip list -- End
2021-02-25 10:58:35,779 - root -INFO - [SQL] Connection with sql docker for docker video table: start
2021-02-25 10:58:35,796 - mysql.connector.connection -DEBUG - new_auth_plugin: caching_sha2_password
2021-02-25 10:58:35,806 - root -INFO - [SQL] Connection with sql connector : end
2021-02-25 10:58:35,812 - root -INFO - [SQL] Creation docker table  : start
2021-02-25 10:59:21,995 - root -INFO - [DOCKER] accessing docker video title -- Start
2021-02-25 10:59:21,997 - root -INFO - [DOCKER] accessing docker video title -- End
2021-02-25 10:59:22,000 - root -INFO - [DOCKER] accessing docker video link -- Start
2021-02-25 10:59:22,002 - root -INFO - [DOCKER] accessing docker video link -- End
2021-02-25 10:59:22,004 - root -INFO - [DOCKER] accessing docker video youtuber -- Start
2021-02-25 10:59:22,007 - root -INFO - [DOCKER] accessing docker video youtuber -- End
2021-02-25 10:59:22,009 - root -INFO - [DOCKER] accessing docker video duration -- Start
2021-02-25 10:59:22,010 - root -INFO - [DOCKER] accessing docker video duration -- End
2021-02-25 10:59:22,012 - root -INFO - [DOCKER] accessing docker video vues -- Start
2021-02-25 10:59:22,014 - root -INFO - [DOCKER] accessing docker video vues -- End
2021-02-25 10:59:22,016 - root -INFO - [DOCKER] accessing docker video theme -- Start
2021-02-25 10:59:22,018 - root -INFO - [DOCKER] accessing docker video theme -- End
2021-02-25 10:59:22,019 - root -INFO - [DOCKER] accessing docker zip list -- Start
2021-02-25 10:59:22,021 - root -INFO - [DOCKER] accessing docker zip list -- End
2021-02-25 10:59:22,025 - root -INFO - [SQL] Connection with sql docker for docker video table: start
2021-02-25 10:59:22,044 - mysql.connector.connection -DEBUG - new_auth_plugin: caching_sha2_password
2021-02-25 10:59:22,049 - root -INFO - [SQL] Connection with sql connector : end
2021-02-25 10:59:22,050 - root -INFO - [SQL] Creation docker table  : start
2021-02-25 10:59:22,190 - root -INFO - [SQL] Creation docker carpet : end
2021-02-25 11:01:25,307 - root -INFO - [DOCKER] accessing docker video title -- Start
2021-02-25 11:01:25,310 - root -INFO - [DOCKER] accessing docker video title -- End
2021-02-25 11:01:25,312 - root -INFO - [DOCKER] accessing docker video link -- Start
2021-02-25 11:01:25,314 - root -INFO - [DOCKER] accessing docker video link -- End
2021-02-25 11:01:25,316 - root -INFO - [DOCKER] accessing docker video youtuber -- Start
2021-02-25 11:01:25,318 - root -INFO - [DOCKER] accessing docker video youtuber -- End
2021-02-25 11:01:25,320 - root -INFO - [DOCKER] accessing docker video duration -- Start
2021-02-25 11:01:25,322 - root -INFO - [DOCKER] accessing docker video duration -- End
2021-02-25 11:01:25,324 - root -INFO - [DOCKER] accessing docker video vues -- Start
2021-02-25 11:01:25,326 - root -INFO - [DOCKER] accessing docker video vues -- End
2021-02-25 11:01:25,327 - root -INFO - [DOCKER] accessing docker video theme -- Start
2021-02-25 11:01:25,329 - root -INFO - [DOCKER] accessing docker video theme -- End
2021-02-25 11:01:25,330 - root -INFO - [DOCKER] accessing docker zip list -- Start
2021-02-25 11:01:25,333 - root -INFO - [DOCKER] accessing docker zip list -- End
2021-02-25 11:01:25,336 - root -INFO - [SQL] Connection with sql docker for docker video table: start
2021-02-25 11:01:25,354 - mysql.connector.connection -DEBUG - new_auth_plugin: caching_sha2_password
2021-02-25 11:01:25,366 - root -INFO - [SQL] Connection with sql connector : end
2021-02-25 11:01:25,369 - root -INFO - [SQL] Creation docker table  : start
2021-02-25 11:01:25,379 - root -INFO - [SQL] Creation docker carpet : end
2021-02-25 11:02:44,233 - root -INFO - [DOCKER] accessing docker video title -- Start
2021-02-25 11:02:44,235 - root -INFO - [DOCKER] accessing docker video title -- End
2021-02-25 11:02:44,236 - root -INFO - [DOCKER] accessing docker video link -- Start
2021-02-25 11:02:44,238 - root -INFO - [DOCKER] accessing docker video link -- End
2021-02-25 11:02:44,239 - root -INFO - [DOCKER] accessing docker video youtuber -- Start
2021-02-25 11:02:44,240 - root -INFO - [DOCKER] accessing docker video youtuber -- End
2021-02-25 11:02:44,243 - root -INFO - [DOCKER] accessing docker video duration -- Start
2021-02-25 11:02:44,244 - root -INFO - [DOCKER] accessing docker video duration -- End
2021-02-25 11:02:44,245 - root -INFO - [DOCKER] accessing docker video vues -- Start
2021-02-25 11:02:44,247 - root -INFO - [DOCKER] accessing docker video vues -- End
2021-02-25 11:02:44,248 - root -INFO - [DOCKER] accessing docker video theme -- Start
2021-02-25 11:02:44,249 - root -INFO - [DOCKER] accessing docker video theme -- End
2021-02-25 11:02:44,251 - root -INFO - [DOCKER] accessing docker zip list -- Start
2021-02-25 11:02:44,252 - root -INFO - [DOCKER] accessing docker zip list -- End
2021-02-25 11:02:44,253 - root -INFO - [SQL] Connection with sql docker for docker video table: start
2021-02-25 11:02:44,270 - mysql.connector.connection -DEBUG - new_auth_plugin: caching_sha2_password
2021-02-25 11:02:44,275 - root -INFO - [SQL] Connection with sql connector : end
2021-02-25 11:02:44,276 - root -INFO - [SQL] Creation docker table  : start
2021-02-25 11:02:44,282 - root -INFO - [SQL] Creation docker carpet : end
2021-02-25 11:07:27,537 - root -INFO - [DOCKER] accessing docker video title -- Start
2021-02-25 11:07:27,540 - root -INFO - [DOCKER] accessing docker video title -- End
2021-02-25 11:07:27,542 - root -INFO - [DOCKER] accessing docker video link -- Start
2021-02-25 11:07:27,544 - root -INFO - [DOCKER] accessing docker video link -- End
2021-02-25 11:07:27,560 - root -INFO - [DOCKER] accessing docker video youtuber -- Start
2021-02-25 11:07:27,563 - root -INFO - [DOCKER] accessing docker video youtuber -- End
2021-02-25 11:07:27,565 - root -INFO - [DOCKER] accessing docker video duration -- Start
2021-02-25 11:07:27,567 - root -INFO - [DOCKER] accessing docker video duration -- End
2021-02-25 11:07:27,571 - root -INFO - [DOCKER] accessing docker video vues -- Start
2021-02-25 11:07:27,573 - root -INFO - [DOCKER] accessing docker video vues -- End
2021-02-25 11:07:27,575 - root -INFO - [DOCKER] accessing docker video theme -- Start
2021-02-25 11:07:27,579 - root -INFO - [DOCKER] accessing docker video theme -- End
2021-02-25 11:07:27,585 - root -INFO - [DOCKER] accessing docker zip list -- Start
2021-02-25 11:07:27,589 - root -INFO - [DOCKER] accessing docker zip list -- End
2021-02-25 11:07:27,635 - root -INFO - [SQL] Connection with sql docker for docker video table: start
2021-02-25 11:07:27,659 - mysql.connector.connection -DEBUG - new_auth_plugin: caching_sha2_password
2021-02-25 11:07:27,666 - root -INFO - [SQL] Connection with sql connector : end
2021-02-25 11:07:27,668 - root -INFO - [SQL] Creation docker table  : start
2021-02-25 11:07:27,678 - root -INFO - [SQL] Creation docker carpet : end
2021-02-25 11:08:53,060 - root -INFO - [DOCKER] accessing docker video title -- Start
2021-02-25 11:08:53,062 - root -INFO - [DOCKER] accessing docker video title -- End
2021-02-25 11:08:53,063 - root -INFO - [DOCKER] accessing docker video link -- Start
2021-02-25 11:08:53,065 - root -INFO - [DOCKER] accessing docker video link -- End
2021-02-25 11:08:53,066 - root -INFO - [DOCKER] accessing docker video youtuber -- Start
2021-02-25 11:08:53,068 - root -INFO - [DOCKER] accessing docker video youtuber -- End
2021-02-25 11:08:53,070 - root -INFO - [DOCKER] accessing docker video duration -- Start
2021-02-25 11:08:53,072 - root -INFO - [DOCKER] accessing docker video duration -- End
2021-02-25 11:08:53,073 - root -INFO - [DOCKER] accessing docker video vues -- Start
2021-02-25 11:08:53,075 - root -INFO - [DOCKER] accessing docker video vues -- End
2021-02-25 11:08:53,077 - root -INFO - [DOCKER] accessing docker video theme -- Start
2021-02-25 11:08:53,078 - root -INFO - [DOCKER] accessing docker video theme -- End
2021-02-25 11:08:53,079 - root -INFO - [DOCKER] accessing docker zip list -- Start
2021-02-25 11:08:53,081 - root -INFO - [DOCKER] accessing docker zip list -- End
2021-02-25 11:08:53,089 - root -INFO - [SQL] Connection with sql docker for docker video table: start
2021-02-25 11:08:53,114 - mysql.connector.connection -DEBUG - new_auth_plugin: caching_sha2_password
2021-02-25 11:08:53,126 - root -INFO - [SQL] Connection with sql connector : end
2021-02-25 11:08:53,128 - root -INFO - [DOCKER] accessing docker video title -- Start
2021-02-25 11:08:53,130 - root -INFO - [DOCKER] accessing docker video title -- End
2021-02-25 11:08:53,133 - root -INFO - [DOCKER] accessing docker video link -- Start
2021-02-25 11:08:53,136 - root -INFO - [DOCKER] accessing docker video link -- End
2021-02-25 11:08:53,138 - root -INFO - [DOCKER] accessing docker video youtuber -- Start
2021-02-25 11:08:53,140 - root -INFO - [DOCKER] accessing docker video youtuber -- End
2021-02-25 11:08:53,143 - root -INFO - [DOCKER] accessing docker video duration -- Start
2021-02-25 11:08:53,145 - root -INFO - [DOCKER] accessing docker video duration -- End
2021-02-25 11:08:53,148 - root -INFO - [DOCKER] accessing docker video vues -- Start
2021-02-25 11:08:53,155 - root -INFO - [DOCKER] accessing docker video vues -- End
2021-02-25 11:08:53,175 - root -INFO - [DOCKER] accessing docker video theme -- Start
2021-02-25 11:08:53,183 - root -INFO - [DOCKER] accessing docker video theme -- End
2021-02-25 11:08:53,189 - root -INFO - [DOCKER] accessing docker zip list -- Start
2021-02-25 11:08:53,198 - root -INFO - [DOCKER] accessing docker zip list -- End
2021-02-25 11:08:53,201 - root -INFO - [DOCKER] accessing docker video theme -- Start
2021-02-25 11:08:53,208 - root -INFO - [DOCKER] accessing docker video theme -- End
2021-02-25 11:08:53,309 - root -INFO - [SQL] Creation docker table  : start
2021-02-25 11:08:53,319 - root -INFO - [SQL] Creation docker carpet : end
2021-02-25 11:09:18,340 - root -INFO - [SQL] Connection with sql docker for docker video table: start
2021-02-25 11:09:18,370 - mysql.connector.connection -DEBUG - new_auth_plugin: caching_sha2_password
2021-02-25 11:09:18,381 - root -INFO - [SQL] Connection with sql connector : end
2021-02-25 11:09:18,383 - root -INFO - [DOCKER] accessing docker video title -- Start
2021-02-25 11:09:18,385 - root -INFO - [DOCKER] accessing docker video title -- End
2021-02-25 11:09:18,387 - root -INFO - [DOCKER] accessing docker video link -- Start
2021-02-25 11:09:18,389 - root -INFO - [DOCKER] accessing docker video link -- End
2021-02-25 11:09:18,391 - root -INFO - [DOCKER] accessing docker video youtuber -- Start
2021-02-25 11:09:18,393 - root -INFO - [DOCKER] accessing docker video youtuber -- End
2021-02-25 11:09:18,400 - root -INFO - [DOCKER] accessing docker video duration -- Start
2021-02-25 11:09:18,402 - root -INFO - [DOCKER] accessing docker video duration -- End
2021-02-25 11:09:18,405 - root -INFO - [DOCKER] accessing docker video vues -- Start
2021-02-25 11:09:18,407 - root -INFO - [DOCKER] accessing docker video vues -- End
2021-02-25 11:09:18,409 - root -INFO - [DOCKER] accessing docker video theme -- Start
2021-02-25 11:09:18,415 - root -INFO - [DOCKER] accessing docker video theme -- End
2021-02-25 11:09:18,418 - root -INFO - [DOCKER] accessing docker video theme -- Start
2021-02-25 11:09:18,419 - root -INFO - [DOCKER] accessing docker video theme -- End
2021-02-25 11:09:18,421 - root -INFO - [SQL] Creation docker table  : start
2021-02-25 11:09:18,773 - root -INFO - [SQL] Creation docker carpet : end
2021-02-25 11:09:40,907 - root -INFO - [DOCKER] accessing docker video title -- Start
2021-02-25 11:09:40,913 - root -INFO - [DOCKER] accessing docker video title -- End
2021-02-25 11:09:40,915 - root -INFO - [DOCKER] accessing docker video link -- Start
2021-02-25 11:09:40,916 - root -INFO - [DOCKER] accessing docker video link -- End
2021-02-25 11:09:40,918 - root -INFO - [DOCKER] accessing docker video youtuber -- Start
2021-02-25 11:09:40,925 - root -INFO - [DOCKER] accessing docker video youtuber -- End
2021-02-25 11:09:40,927 - root -INFO - [DOCKER] accessing docker video duration -- Start
2021-02-25 11:09:40,929 - root -INFO - [DOCKER] accessing docker video duration -- End
2021-02-25 11:09:40,932 - root -INFO - [DOCKER] accessing docker video vues -- Start
2021-02-25 11:09:40,933 - root -INFO - [DOCKER] accessing docker video vues -- End
2021-02-25 11:09:40,935 - root -INFO - [DOCKER] accessing docker video theme -- Start
2021-02-25 11:09:40,938 - root -INFO - [DOCKER] accessing docker video theme -- End
2021-02-25 11:09:40,940 - root -INFO - [DOCKER] accessing docker video theme -- Start
2021-02-25 11:09:40,941 - root -INFO - [DOCKER] accessing docker video theme -- End
2021-02-25 11:09:40,943 - root -INFO - [SQL] Connection with sql docker for docker video table: start
2021-02-25 11:09:40,961 - mysql.connector.connection -DEBUG - new_auth_plugin: caching_sha2_password
2021-02-25 11:09:40,967 - root -INFO - [SQL] Connection with sql connector : end
2021-02-25 11:09:40,969 - root -INFO - [DOCKER] accessing docker video title -- Start
2021-02-25 11:09:40,971 - root -INFO - [DOCKER] accessing docker video title -- End
2021-02-25 11:09:40,973 - root -INFO - [DOCKER] accessing docker video link -- Start
2021-02-25 11:09:40,974 - root -INFO - [DOCKER] accessing docker video link -- End
2021-02-25 11:09:40,976 - root -INFO - [DOCKER] accessing docker video youtuber -- Start
2021-02-25 11:09:40,978 - root -INFO - [DOCKER] accessing docker video youtuber -- End
2021-02-25 11:09:40,980 - root -INFO - [DOCKER] accessing docker video duration -- Start
2021-02-25 11:09:40,982 - root -INFO - [DOCKER] accessing docker video duration -- End
2021-02-25 11:09:40,984 - root -INFO - [DOCKER] accessing docker video vues -- Start
2021-02-25 11:09:40,985 - root -INFO - [DOCKER] accessing docker video vues -- End
2021-02-25 11:09:40,986 - root -INFO - [DOCKER] accessing docker video theme -- Start
2021-02-25 11:09:40,988 - root -INFO - [DOCKER] accessing docker video theme -- End
2021-02-25 11:09:40,991 - root -INFO - [DOCKER] accessing docker video theme -- Start
2021-02-25 11:09:40,992 - root -INFO - [DOCKER] accessing docker video theme -- End
2021-02-25 11:09:40,994 - root -INFO - [SQL] Creation docker table  : start
2021-02-25 11:09:41,057 - root -INFO - [SQL] Creation docker carpet : end
2021-02-25 11:15:08,314 - root -INFO - [DOCKER] accessing docker video title -- Start
2021-02-25 11:15:08,316 - root -INFO - [DOCKER] accessing docker video title -- End
2021-02-25 11:15:08,317 - root -INFO - [DOCKER] accessing docker video link -- Start
2021-02-25 11:15:08,319 - root -INFO - [DOCKER] accessing docker video link -- End
2021-02-25 11:15:08,320 - root -INFO - [DOCKER] accessing docker video youtuber -- Start
2021-02-25 11:15:08,321 - root -INFO - [DOCKER] accessing docker video youtuber -- End
2021-02-25 11:15:08,322 - root -INFO - [DOCKER] accessing docker video duration -- Start
2021-02-25 11:15:08,323 - root -INFO - [DOCKER] accessing docker video duration -- End
2021-02-25 11:15:08,324 - root -INFO - [DOCKER] accessing docker video vues -- Start
2021-02-25 11:15:08,325 - root -INFO - [DOCKER] accessing docker video vues -- End
2021-02-25 11:15:08,327 - root -INFO - [DOCKER] accessing docker video theme -- Start
2021-02-25 11:15:08,328 - root -INFO - [DOCKER] accessing docker video theme -- End
2021-02-25 11:15:08,329 - root -INFO - [DOCKER] accessing docker zip list -- Start
2021-02-25 11:15:08,330 - root -INFO - [DOCKER] accessing docker zip list -- End
2021-02-25 11:15:08,331 - root -INFO - [DOCKER] accessing docker video theme -- Start
2021-02-25 11:15:08,333 - root -INFO - [DOCKER] accessing docker video theme -- End
2021-02-25 11:15:08,335 - root -INFO - [DOCKER] accessing docker video title -- Start
2021-02-25 11:15:08,337 - root -INFO - [DOCKER] accessing docker video title -- End
2021-02-25 11:15:08,338 - root -INFO - [DOCKER] accessing docker video link -- Start
2021-02-25 11:15:08,340 - root -INFO - [DOCKER] accessing docker video link -- End
2021-02-25 11:15:08,341 - root -INFO - [DOCKER] accessing docker video youtuber -- Start
2021-02-25 11:15:08,342 - root -INFO - [DOCKER] accessing docker video youtuber -- End
2021-02-25 11:15:08,344 - root -INFO - [DOCKER] accessing docker video duration -- Start
2021-02-25 11:15:08,345 - root -INFO - [DOCKER] accessing docker video duration -- End
2021-02-25 11:15:08,347 - root -INFO - [DOCKER] accessing docker video vues -- Start
2021-02-25 11:15:08,349 - root -INFO - [DOCKER] accessing docker video vues -- End
2021-02-25 11:15:08,350 - root -INFO - [DOCKER] accessing docker video theme -- Start
2021-02-25 11:15:08,351 - root -INFO - [DOCKER] accessing docker video theme -- End
2021-02-25 11:15:08,372 - root -INFO - [DOCKER] accessing docker zip list -- Start
2021-02-25 11:15:08,375 - root -INFO - [DOCKER] accessing docker zip list -- End
2021-02-25 11:15:08,378 - root -INFO - [DOCKER] accessing docker video theme -- Start
2021-02-25 11:15:08,380 - root -INFO - [DOCKER] accessing docker video theme -- End
2021-02-25 11:15:08,382 - root -INFO - [SQL] Connection with sql docker for docker video table: start
2021-02-25 11:15:08,414 - mysql.connector.connection -DEBUG - new_auth_plugin: caching_sha2_password
2021-02-25 11:15:08,425 - root -INFO - [SQL] Connection with sql connector : end
2021-02-25 11:15:08,426 - root -INFO - [DOCKER] accessing docker video title -- Start
2021-02-25 11:15:08,427 - root -INFO - [DOCKER] accessing docker video title -- End
2021-02-25 11:15:08,429 - root -INFO - [DOCKER] accessing docker video link -- Start
2021-02-25 11:15:08,431 - root -INFO - [DOCKER] accessing docker video link -- End
2021-02-25 11:15:08,432 - root -INFO - [DOCKER] accessing docker video youtuber -- Start
2021-02-25 11:15:08,434 - root -INFO - [DOCKER] accessing docker video youtuber -- End
2021-02-25 11:15:08,436 - root -INFO - [DOCKER] accessing docker video duration -- Start
2021-02-25 11:15:08,437 - root -INFO - [DOCKER] accessing docker video duration -- End
2021-02-25 11:15:08,438 - root -INFO - [DOCKER] accessing docker video vues -- Start
2021-02-25 11:15:08,439 - root -INFO - [DOCKER] accessing docker video vues -- End
2021-02-25 11:15:08,441 - root -INFO - [DOCKER] accessing docker video theme -- Start
2021-02-25 11:15:08,442 - root -INFO - [DOCKER] accessing docker video theme -- End
2021-02-25 11:15:08,443 - root -INFO - [DOCKER] accessing docker zip list -- Start
2021-02-25 11:15:08,445 - root -INFO - [DOCKER] accessing docker zip list -- End
2021-02-25 11:15:08,446 - root -INFO - [DOCKER] accessing docker video theme -- Start
2021-02-25 11:15:08,449 - root -INFO - [DOCKER] accessing docker video theme -- End
2021-02-25 11:15:08,450 - root -INFO - [SQL] Creation docker table  : start
2021-02-25 11:15:08,686 - root -INFO - [SQL] Creation docker carpet : end
2021-02-25 11:15:38,964 - root -INFO - [DOCKER] accessing docker video title -- Start
2021-02-25 11:15:38,966 - root -INFO - [DOCKER] accessing docker video title -- End
2021-02-25 11:15:38,970 - root -INFO - [DOCKER] accessing docker video link -- Start
2021-02-25 11:15:38,972 - root -INFO - [DOCKER] accessing docker video link -- End
2021-02-25 11:15:38,973 - root -INFO - [DOCKER] accessing docker video youtuber -- Start
2021-02-25 11:15:38,975 - root -INFO - [DOCKER] accessing docker video youtuber -- End
2021-02-25 11:15:38,979 - root -INFO - [DOCKER] accessing docker video duration -- Start
2021-02-25 11:15:38,980 - root -INFO - [DOCKER] accessing docker video duration -- End
2021-02-25 11:15:38,983 - root -INFO - [DOCKER] accessing docker video vues -- Start
2021-02-25 11:15:38,987 - root -INFO - [DOCKER] accessing docker video vues -- End
2021-02-25 11:15:38,989 - root -INFO - [DOCKER] accessing docker video theme -- Start
2021-02-25 11:15:38,990 - root -INFO - [DOCKER] accessing docker video theme -- End
2021-02-25 11:15:38,993 - root -INFO - [DOCKER] accessing docker video theme -- Start
2021-02-25 11:15:38,994 - root -INFO - [DOCKER] accessing docker video theme -- End
2021-02-25 11:15:38,995 - root -INFO - [DOCKER] accessing docker video title -- Start
2021-02-25 11:15:38,998 - root -INFO - [DOCKER] accessing docker video title -- End
2021-02-25 11:15:39,000 - root -INFO - [DOCKER] accessing docker video link -- Start
2021-02-25 11:15:39,002 - root -INFO - [DOCKER] accessing docker video link -- End
2021-02-25 11:15:39,004 - root -INFO - [DOCKER] accessing docker video youtuber -- Start
2021-02-25 11:15:39,006 - root -INFO - [DOCKER] accessing docker video youtuber -- End
2021-02-25 11:15:39,008 - root -INFO - [DOCKER] accessing docker video duration -- Start
2021-02-25 11:15:39,010 - root -INFO - [DOCKER] accessing docker video duration -- End
2021-02-25 11:15:39,012 - root -INFO - [DOCKER] accessing docker video vues -- Start
2021-02-25 11:15:39,013 - root -INFO - [DOCKER] accessing docker video vues -- End
2021-02-25 11:15:39,017 - root -INFO - [DOCKER] accessing docker video theme -- Start
2021-02-25 11:15:39,019 - root -INFO - [DOCKER] accessing docker video theme -- End
2021-02-25 11:15:39,021 - root -INFO - [DOCKER] accessing docker video theme -- Start
2021-02-25 11:15:39,024 - root -INFO - [DOCKER] accessing docker video theme -- End
2021-02-25 11:15:39,027 - root -INFO - [SQL] Connection with sql docker for docker video table: start
2021-02-25 11:15:39,082 - mysql.connector.connection -DEBUG - new_auth_plugin: caching_sha2_password
2021-02-25 11:15:39,089 - root -INFO - [SQL] Connection with sql connector : end
2021-02-25 11:15:39,091 - root -INFO - [DOCKER] accessing docker video title -- Start
2021-02-25 11:15:39,094 - root -INFO - [DOCKER] accessing docker video title -- End
2021-02-25 11:15:39,096 - root -INFO - [DOCKER] accessing docker video link -- Start
2021-02-25 11:15:39,099 - root -INFO - [DOCKER] accessing docker video link -- End
2021-02-25 11:15:39,101 - root -INFO - [DOCKER] accessing docker video youtuber -- Start
2021-02-25 11:15:39,103 - root -INFO - [DOCKER] accessing docker video youtuber -- End
2021-02-25 11:15:39,105 - root -INFO - [DOCKER] accessing docker video duration -- Start
2021-02-25 11:15:39,107 - root -INFO - [DOCKER] accessing docker video duration -- End
2021-02-25 11:15:39,109 - root -INFO - [DOCKER] accessing docker video vues -- Start
2021-02-25 11:15:39,110 - root -INFO - [DOCKER] accessing docker video vues -- End
2021-02-25 11:15:39,112 - root -INFO - [DOCKER] accessing docker video theme -- Start
2021-02-25 11:15:39,114 - root -INFO - [DOCKER] accessing docker video theme -- End
2021-02-25 11:15:39,116 - root -INFO - [DOCKER] accessing docker video theme -- Start
2021-02-25 11:15:39,117 - root -INFO - [DOCKER] accessing docker video theme -- End
2021-02-25 11:15:39,119 - root -INFO - [SQL] Creation docker table  : start
2021-02-25 11:15:39,192 - root -INFO - [SQL] Creation docker carpet : end
2021-02-25 11:16:05,921 - root -INFO - [DOCKER] accessing docker video title -- Start
2021-02-25 11:16:05,923 - root -INFO - [DOCKER] accessing docker video title -- End
2021-02-25 11:16:05,925 - root -INFO - [DOCKER] accessing docker video link -- Start
2021-02-25 11:16:05,929 - root -INFO - [DOCKER] accessing docker video link -- End
2021-02-25 11:16:05,934 - root -INFO - [DOCKER] accessing docker video youtuber -- Start
2021-02-25 11:16:05,935 - root -INFO - [DOCKER] accessing docker video youtuber -- End
2021-02-25 11:16:05,938 - root -INFO - [DOCKER] accessing docker video duration -- Start
2021-02-25 11:16:05,940 - root -INFO - [DOCKER] accessing docker video duration -- End
2021-02-25 11:16:05,942 - root -INFO - [DOCKER] accessing docker video vues -- Start
2021-02-25 11:16:05,944 - root -INFO - [DOCKER] accessing docker video vues -- End
2021-02-25 11:16:05,946 - root -INFO - [DOCKER] accessing docker video theme -- Start
2021-02-25 11:16:05,948 - root -INFO - [DOCKER] accessing docker video theme -- End
2021-02-25 11:16:05,950 - root -INFO - [DOCKER] accessing docker zip list -- Start
2021-02-25 11:16:05,953 - root -INFO - [DOCKER] accessing docker zip list -- End
2021-02-25 11:16:05,955 - root -INFO - [DOCKER] accessing docker zip list -- Start
2021-02-25 11:16:05,959 - root -INFO - [DOCKER] accessing docker zip list -- End
2021-02-25 11:16:05,961 - root -INFO - [DOCKER] accessing docker video title -- Start
2021-02-25 11:16:05,963 - root -INFO - [DOCKER] accessing docker video title -- End
2021-02-25 11:16:05,965 - root -INFO - [DOCKER] accessing docker video link -- Start
2021-02-25 11:16:05,968 - root -INFO - [DOCKER] accessing docker video link -- End
2021-02-25 11:16:05,972 - root -INFO - [DOCKER] accessing docker video youtuber -- Start
2021-02-25 11:16:05,975 - root -INFO - [DOCKER] accessing docker video youtuber -- End
2021-02-25 11:16:05,978 - root -INFO - [DOCKER] accessing docker video duration -- Start
2021-02-25 11:16:05,981 - root -INFO - [DOCKER] accessing docker video duration -- End
2021-02-25 11:16:05,983 - root -INFO - [DOCKER] accessing docker video vues -- Start
2021-02-25 11:16:05,986 - root -INFO - [DOCKER] accessing docker video vues -- End
2021-02-25 11:16:05,989 - root -INFO - [DOCKER] accessing docker video theme -- Start
2021-02-25 11:16:05,991 - root -INFO - [DOCKER] accessing docker video theme -- End
2021-02-25 11:16:05,993 - root -INFO - [DOCKER] accessing docker zip list -- Start
2021-02-25 11:16:05,996 - root -INFO - [DOCKER] accessing docker zip list -- End
2021-02-25 11:16:05,999 - root -INFO - [DOCKER] accessing docker zip list -- Start
2021-02-25 11:16:06,002 - root -INFO - [DOCKER] accessing docker zip list -- End
2021-02-25 11:16:06,004 - root -INFO - [SQL] Connection with sql docker for docker video table: start
2021-02-25 11:16:06,033 - mysql.connector.connection -DEBUG - new_auth_plugin: caching_sha2_password
2021-02-25 11:16:06,043 - root -INFO - [SQL] Connection with sql connector : end
2021-02-25 11:16:06,045 - root -INFO - [DOCKER] accessing docker video title -- Start
2021-02-25 11:16:06,047 - root -INFO - [DOCKER] accessing docker video title -- End
2021-02-25 11:16:06,049 - root -INFO - [DOCKER] accessing docker video link -- Start
2021-02-25 11:16:06,051 - root -INFO - [DOCKER] accessing docker video link -- End
2021-02-25 11:16:06,053 - root -INFO - [DOCKER] accessing docker video youtuber -- Start
2021-02-25 11:16:06,054 - root -INFO - [DOCKER] accessing docker video youtuber -- End
2021-02-25 11:16:06,059 - root -INFO - [DOCKER] accessing docker video duration -- Start
2021-02-25 11:16:06,060 - root -INFO - [DOCKER] accessing docker video duration -- End
2021-02-25 11:16:06,062 - root -INFO - [DOCKER] accessing docker video vues -- Start
2021-02-25 11:16:06,064 - root -INFO - [DOCKER] accessing docker video vues -- End
2021-02-25 11:16:06,065 - root -INFO - [DOCKER] accessing docker video theme -- Start
2021-02-25 11:16:06,068 - root -INFO - [DOCKER] accessing docker video theme -- End
2021-02-25 11:16:06,069 - root -INFO - [DOCKER] accessing docker zip list -- Start
2021-02-25 11:16:06,072 - root -INFO - [DOCKER] accessing docker zip list -- End
2021-02-25 11:16:06,075 - root -INFO - [DOCKER] accessing docker zip list -- Start
2021-02-25 11:16:06,079 - root -INFO - [DOCKER] accessing docker zip list -- End
2021-02-25 11:16:06,081 - root -INFO - [SQL] Creation docker table  : start
2021-02-25 11:16:06,261 - root -INFO - [SQL] Creation docker carpet : end
2021-02-25 11:16:21,101 - root -INFO - [DOCKER] accessing docker video title -- Start
2021-02-25 11:16:21,103 - root -INFO - [DOCKER] accessing docker video title -- End
2021-02-25 11:16:21,105 - root -INFO - [DOCKER] accessing docker video link -- Start
2021-02-25 11:16:21,106 - root -INFO - [DOCKER] accessing docker video link -- End
2021-02-25 11:16:21,107 - root -INFO - [DOCKER] accessing docker video youtuber -- Start
2021-02-25 11:16:21,109 - root -INFO - [DOCKER] accessing docker video youtuber -- End
2021-02-25 11:16:21,111 - root -INFO - [DOCKER] accessing docker video duration -- Start
2021-02-25 11:16:21,112 - root -INFO - [DOCKER] accessing docker video duration -- End
2021-02-25 11:16:21,113 - root -INFO - [DOCKER] accessing docker video vues -- Start
2021-02-25 11:16:21,115 - root -INFO - [DOCKER] accessing docker video vues -- End
2021-02-25 11:16:21,116 - root -INFO - [DOCKER] accessing docker video theme -- Start
2021-02-25 11:16:21,118 - root -INFO - [DOCKER] accessing docker video theme -- End
2021-02-25 11:16:21,120 - root -INFO - [DOCKER] accessing docker zip list -- Start
2021-02-25 11:16:21,121 - root -INFO - [DOCKER] accessing docker zip list -- End
2021-02-25 11:16:21,122 - root -INFO - [DOCKER] accessing docker video title -- Start
2021-02-25 11:16:21,123 - root -INFO - [DOCKER] accessing docker video title -- End
2021-02-25 11:16:21,125 - root -INFO - [DOCKER] accessing docker video link -- Start
2021-02-25 11:16:21,127 - root -INFO - [DOCKER] accessing docker video link -- End
2021-02-25 11:16:21,128 - root -INFO - [DOCKER] accessing docker video youtuber -- Start
2021-02-25 11:16:21,129 - root -INFO - [DOCKER] accessing docker video youtuber -- End
2021-02-25 11:16:21,131 - root -INFO - [DOCKER] accessing docker video duration -- Start
2021-02-25 11:16:21,132 - root -INFO - [DOCKER] accessing docker video duration -- End
2021-02-25 11:16:21,134 - root -INFO - [DOCKER] accessing docker video vues -- Start
2021-02-25 11:16:21,136 - root -INFO - [DOCKER] accessing docker video vues -- End
2021-02-25 11:16:21,138 - root -INFO - [DOCKER] accessing docker video theme -- Start
2021-02-25 11:16:21,140 - root -INFO - [DOCKER] accessing docker video theme -- End
2021-02-25 11:16:21,141 - root -INFO - [DOCKER] accessing docker zip list -- Start
2021-02-25 11:16:21,143 - root -INFO - [DOCKER] accessing docker zip list -- End
2021-02-25 11:16:21,144 - root -INFO - [SQL] Connection with sql docker for docker video table: start
2021-02-25 11:16:21,162 - mysql.connector.connection -DEBUG - new_auth_plugin: caching_sha2_password
2021-02-25 11:16:21,168 - root -INFO - [SQL] Connection with sql connector : end
2021-02-25 11:16:21,171 - root -INFO - [DOCKER] accessing docker video title -- Start
2021-02-25 11:16:21,173 - root -INFO - [DOCKER] accessing docker video title -- End
2021-02-25 11:16:21,175 - root -INFO - [DOCKER] accessing docker video link -- Start
2021-02-25 11:16:21,177 - root -INFO - [DOCKER] accessing docker video link -- End
2021-02-25 11:16:21,180 - root -INFO - [DOCKER] accessing docker video youtuber -- Start
2021-02-25 11:16:21,182 - root -INFO - [DOCKER] accessing docker video youtuber -- End
2021-02-25 11:16:21,184 - root -INFO - [DOCKER] accessing docker video duration -- Start
2021-02-25 11:16:21,187 - root -INFO - [DOCKER] accessing docker video duration -- End
2021-02-25 11:16:21,189 - root -INFO - [DOCKER] accessing docker video vues -- Start
2021-02-25 11:16:21,191 - root -INFO - [DOCKER] accessing docker video vues -- End
2021-02-25 11:16:21,192 - root -INFO - [DOCKER] accessing docker video theme -- Start
2021-02-25 11:16:21,194 - root -INFO - [DOCKER] accessing docker video theme -- End
2021-02-25 11:16:21,196 - root -INFO - [DOCKER] accessing docker zip list -- Start
2021-02-25 11:16:21,197 - root -INFO - [DOCKER] accessing docker zip list -- End
2021-02-25 11:16:21,199 - root -INFO - [SQL] Creation docker table  : start
2021-02-25 11:16:21,280 - root -INFO - [SQL] Creation docker carpet : end
2021-02-25 11:18:53,455 - root -INFO - [DOCKER] accessing docker video title -- Start
2021-02-25 11:18:53,458 - root -INFO - [DOCKER] accessing docker video title -- End
2021-02-25 11:18:53,459 - root -INFO - [DOCKER] accessing docker video link -- Start
2021-02-25 11:18:53,461 - root -INFO - [DOCKER] accessing docker video link -- End
2021-02-25 11:18:53,463 - root -INFO - [DOCKER] accessing docker video youtuber -- Start
2021-02-25 11:18:53,465 - root -INFO - [DOCKER] accessing docker video youtuber -- End
2021-02-25 11:18:53,467 - root -INFO - [DOCKER] accessing docker video duration -- Start
2021-02-25 11:18:53,469 - root -INFO - [DOCKER] accessing docker video duration -- End
2021-02-25 11:18:53,472 - root -INFO - [DOCKER] accessing docker video vues -- Start
2021-02-25 11:18:53,473 - root -INFO - [DOCKER] accessing docker video vues -- End
2021-02-25 11:18:53,474 - root -INFO - [DOCKER] accessing docker video theme -- Start
2021-02-25 11:18:53,476 - root -INFO - [DOCKER] accessing docker video theme -- End
2021-02-25 11:18:53,479 - root -INFO - [DOCKER] accessing docker zip list -- Start
2021-02-25 11:18:53,481 - root -INFO - [DOCKER] accessing docker zip list -- End
2021-02-25 11:18:53,482 - root -INFO - [SQL] Connection with sql docker for docker video table: start
2021-02-25 11:18:53,504 - mysql.connector.connection -DEBUG - new_auth_plugin: caching_sha2_password
2021-02-25 11:18:53,511 - root -INFO - [SQL] Connection with sql connector : end
2021-02-25 11:18:53,513 - root -INFO - [DOCKER] accessing docker video title -- Start
2021-02-25 11:18:53,514 - root -INFO - [DOCKER] accessing docker video title -- End
2021-02-25 11:18:53,517 - root -INFO - [DOCKER] accessing docker video link -- Start
2021-02-25 11:18:53,519 - root -INFO - [DOCKER] accessing docker video link -- End
2021-02-25 11:18:53,520 - root -INFO - [DOCKER] accessing docker video youtuber -- Start
2021-02-25 11:18:53,522 - root -INFO - [DOCKER] accessing docker video youtuber -- End
2021-02-25 11:18:53,524 - root -INFO - [DOCKER] accessing docker video duration -- Start
2021-02-25 11:18:53,525 - root -INFO - [DOCKER] accessing docker video duration -- End
2021-02-25 11:18:53,527 - root -INFO - [DOCKER] accessing docker video vues -- Start
2021-02-25 11:18:53,528 - root -INFO - [DOCKER] accessing docker video vues -- End
2021-02-25 11:18:53,530 - root -INFO - [DOCKER] accessing docker video theme -- Start
2021-02-25 11:18:53,531 - root -INFO - [DOCKER] accessing docker video theme -- End
2021-02-25 11:18:53,533 - root -INFO - [DOCKER] accessing docker zip list -- Start
2021-02-25 11:18:53,535 - root -INFO - [DOCKER] accessing docker zip list -- End
2021-02-25 11:19:17,410 - root -INFO - [DOCKER] accessing docker video title -- Start
2021-02-25 11:19:17,412 - root -INFO - [DOCKER] accessing docker video title -- End
2021-02-25 11:19:17,414 - root -INFO - [DOCKER] accessing docker video link -- Start
2021-02-25 11:19:17,415 - root -INFO - [DOCKER] accessing docker video link -- End
2021-02-25 11:19:17,416 - root -INFO - [DOCKER] accessing docker video youtuber -- Start
2021-02-25 11:19:17,418 - root -INFO - [DOCKER] accessing docker video youtuber -- End
2021-02-25 11:19:17,419 - root -INFO - [DOCKER] accessing docker video duration -- Start
2021-02-25 11:19:17,420 - root -INFO - [DOCKER] accessing docker video duration -- End
2021-02-25 11:19:17,422 - root -INFO - [DOCKER] accessing docker video vues -- Start
2021-02-25 11:19:17,425 - root -INFO - [DOCKER] accessing docker video vues -- End
2021-02-25 11:19:17,427 - root -INFO - [DOCKER] accessing docker video theme -- Start
2021-02-25 11:19:17,428 - root -INFO - [DOCKER] accessing docker video theme -- End
2021-02-25 11:19:17,430 - root -INFO - [DOCKER] accessing docker zip list -- Start
2021-02-25 11:19:17,431 - root -INFO - [DOCKER] accessing docker zip list -- End
2021-02-25 11:19:17,434 - root -INFO - [SQL] Connection with sql docker for docker video table: start
2021-02-25 11:19:17,449 - mysql.connector.connection -DEBUG - new_auth_plugin: caching_sha2_password
2021-02-25 11:19:17,453 - root -INFO - [SQL] Connection with sql connector : end
2021-02-25 11:19:17,454 - root -INFO - [DOCKER] accessing docker video title -- Start
2021-02-25 11:19:17,455 - root -INFO - [DOCKER] accessing docker video title -- End
2021-02-25 11:19:17,457 - root -INFO - [DOCKER] accessing docker video link -- Start
2021-02-25 11:19:17,458 - root -INFO - [DOCKER] accessing docker video link -- End
2021-02-25 11:19:17,459 - root -INFO - [DOCKER] accessing docker video youtuber -- Start
2021-02-25 11:19:17,461 - root -INFO - [DOCKER] accessing docker video youtuber -- End
2021-02-25 11:19:17,462 - root -INFO - [DOCKER] accessing docker video duration -- Start
2021-02-25 11:19:17,463 - root -INFO - [DOCKER] accessing docker video duration -- End
2021-02-25 11:19:17,464 - root -INFO - [DOCKER] accessing docker video vues -- Start
2021-02-25 11:19:17,466 - root -INFO - [DOCKER] accessing docker video vues -- End
2021-02-25 11:19:17,467 - root -INFO - [DOCKER] accessing docker video theme -- Start
2021-02-25 11:19:17,468 - root -INFO - [DOCKER] accessing docker video theme -- End
2021-02-25 11:19:17,470 - root -INFO - [DOCKER] accessing docker zip list -- Start
2021-02-25 11:19:17,471 - root -INFO - [DOCKER] accessing docker zip list -- End
2021-02-25 11:19:17,473 - root -INFO - [SQL] Creation docker table  : start
2021-02-25 11:19:17,593 - root -INFO - [SQL] Creation docker carpet : end
2021-02-25 11:19:47,998 - root -INFO - [DOCKER] accessing docker video title -- Start
2021-02-25 11:19:48,000 - root -INFO - [DOCKER] accessing docker video title -- End
2021-02-25 11:19:48,002 - root -INFO - [DOCKER] accessing docker video link -- Start
2021-02-25 11:19:48,004 - root -INFO - [DOCKER] accessing docker video link -- End
2021-02-25 11:19:48,006 - root -INFO - [DOCKER] accessing docker video youtuber -- Start
2021-02-25 11:19:48,008 - root -INFO - [DOCKER] accessing docker video youtuber -- End
2021-02-25 11:19:48,010 - root -INFO - [DOCKER] accessing docker video duration -- Start
2021-02-25 11:19:48,013 - root -INFO - [DOCKER] accessing docker video duration -- End
2021-02-25 11:19:48,014 - root -INFO - [DOCKER] accessing docker video vues -- Start
2021-02-25 11:19:48,016 - root -INFO - [DOCKER] accessing docker video vues -- End
2021-02-25 11:19:48,017 - root -INFO - [DOCKER] accessing docker video theme -- Start
2021-02-25 11:19:48,019 - root -INFO - [DOCKER] accessing docker video theme -- End
2021-02-25 11:19:48,021 - root -INFO - [DOCKER] accessing docker zip list -- Start
2021-02-25 11:19:48,023 - root -INFO - [DOCKER] accessing docker zip list -- End
2021-02-25 11:19:48,025 - root -INFO - [SQL] Connection with sql docker for docker video table: start
2021-02-25 11:19:48,047 - mysql.connector.connection -DEBUG - new_auth_plugin: caching_sha2_password
2021-02-25 11:19:48,052 - root -INFO - [SQL] Connection with sql connector : end
2021-02-25 11:19:48,053 - root -INFO - [DOCKER] accessing docker video title -- Start
2021-02-25 11:19:48,055 - root -INFO - [DOCKER] accessing docker video title -- End
2021-02-25 11:19:48,056 - root -INFO - [DOCKER] accessing docker video link -- Start
2021-02-25 11:19:48,057 - root -INFO - [DOCKER] accessing docker video link -- End
2021-02-25 11:19:48,059 - root -INFO - [DOCKER] accessing docker video youtuber -- Start
2021-02-25 11:19:48,060 - root -INFO - [DOCKER] accessing docker video youtuber -- End
2021-02-25 11:19:48,062 - root -INFO - [DOCKER] accessing docker video duration -- Start
2021-02-25 11:19:48,063 - root -INFO - [DOCKER] accessing docker video duration -- End
2021-02-25 11:19:48,065 - root -INFO - [DOCKER] accessing docker video vues -- Start
2021-02-25 11:19:48,067 - root -INFO - [DOCKER] accessing docker video vues -- End
2021-02-25 11:19:48,068 - root -INFO - [DOCKER] accessing docker video theme -- Start
2021-02-25 11:19:48,069 - root -INFO - [DOCKER] accessing docker video theme -- End
2021-02-25 11:19:48,071 - root -INFO - [DOCKER] accessing docker zip list -- Start
2021-02-25 11:19:48,072 - root -INFO - [DOCKER] accessing docker zip list -- End
2021-02-25 11:19:48,074 - root -INFO - [SQL] Creation docker table  : start
2021-02-25 11:19:48,218 - root -INFO - [SQL] Creation docker carpet : end
2021-02-25 11:19:48,220 - root -INFO - [SQL] Insert data in docker table  : start
2021-02-25 11:19:48,230 - root -ERROR - [SQL] ERROOOOR !! empty list, didnt fill docker table1146 (42S02): Table 'e_learning_db.carpet' doesn't exist
2021-02-25 11:19:48,232 - root -INFO - [SQL] Insert data in docker table  : end
2021-02-25 11:20:17,583 - root -INFO - [DOCKER] accessing docker video title -- Start
2021-02-25 11:20:17,586 - root -INFO - [DOCKER] accessing docker video title -- End
2021-02-25 11:20:17,588 - root -INFO - [DOCKER] accessing docker video link -- Start
2021-02-25 11:20:17,590 - root -INFO - [DOCKER] accessing docker video link -- End
2021-02-25 11:20:17,591 - root -INFO - [DOCKER] accessing docker video youtuber -- Start
2021-02-25 11:20:17,593 - root -INFO - [DOCKER] accessing docker video youtuber -- End
2021-02-25 11:20:17,595 - root -INFO - [DOCKER] accessing docker video duration -- Start
2021-02-25 11:20:17,597 - root -INFO - [DOCKER] accessing docker video duration -- End
2021-02-25 11:20:17,599 - root -INFO - [DOCKER] accessing docker video vues -- Start
2021-02-25 11:20:17,600 - root -INFO - [DOCKER] accessing docker video vues -- End
2021-02-25 11:20:17,601 - root -INFO - [DOCKER] accessing docker video theme -- Start
2021-02-25 11:20:17,603 - root -INFO - [DOCKER] accessing docker video theme -- End
2021-02-25 11:20:17,605 - root -INFO - [DOCKER] accessing docker zip list -- Start
2021-02-25 11:20:17,607 - root -INFO - [DOCKER] accessing docker zip list -- End
2021-02-25 11:20:17,608 - root -INFO - [SQL] Connection with sql docker for docker video table: start
2021-02-25 11:20:17,628 - mysql.connector.connection -DEBUG - new_auth_plugin: caching_sha2_password
2021-02-25 11:20:17,639 - root -INFO - [SQL] Connection with sql connector : end
2021-02-25 11:20:17,641 - root -INFO - [DOCKER] accessing docker video title -- Start
2021-02-25 11:20:17,643 - root -INFO - [DOCKER] accessing docker video title -- End
2021-02-25 11:20:17,645 - root -INFO - [DOCKER] accessing docker video link -- Start
2021-02-25 11:20:17,647 - root -INFO - [DOCKER] accessing docker video link -- End
2021-02-25 11:20:17,649 - root -INFO - [DOCKER] accessing docker video youtuber -- Start
2021-02-25 11:20:17,650 - root -INFO - [DOCKER] accessing docker video youtuber -- End
2021-02-25 11:20:17,652 - root -INFO - [DOCKER] accessing docker video duration -- Start
2021-02-25 11:20:17,653 - root -INFO - [DOCKER] accessing docker video duration -- End
2021-02-25 11:20:17,655 - root -INFO - [DOCKER] accessing docker video vues -- Start
2021-02-25 11:20:17,656 - root -INFO - [DOCKER] accessing docker video vues -- End
2021-02-25 11:20:17,658 - root -INFO - [DOCKER] accessing docker video theme -- Start
2021-02-25 11:20:17,660 - root -INFO - [DOCKER] accessing docker video theme -- End
2021-02-25 11:20:17,661 - root -INFO - [DOCKER] accessing docker zip list -- Start
2021-02-25 11:20:17,663 - root -INFO - [DOCKER] accessing docker zip list -- End
2021-02-25 11:20:17,664 - root -INFO - [SQL] Creation docker table  : start
2021-02-25 11:20:17,821 - root -INFO - [SQL] Creation docker carpet : end
2021-02-25 11:20:17,823 - root -INFO - [SQL] Insert data in docker table  : start
2021-02-25 11:20:17,841 - root -ERROR - [SQL] ERROOOOR !! empty list, didnt fill docker table1146 (42S02): Table 'e_learning_db.carpet' doesn't exist
2021-02-25 11:20:17,846 - root -INFO - [SQL] Insert data in docker table  : end
2021-02-25 11:21:45,173 - root -INFO - [DOCKER] accessing docker video title -- Start
2021-02-25 11:21:45,175 - root -INFO - [DOCKER] accessing docker video title -- End
2021-02-25 11:21:45,177 - root -INFO - [DOCKER] accessing docker video link -- Start
2021-02-25 11:21:45,178 - root -INFO - [DOCKER] accessing docker video link -- End
2021-02-25 11:21:45,179 - root -INFO - [DOCKER] accessing docker video youtuber -- Start
2021-02-25 11:21:45,180 - root -INFO - [DOCKER] accessing docker video youtuber -- End
2021-02-25 11:21:45,181 - root -INFO - [DOCKER] accessing docker video duration -- Start
2021-02-25 11:21:45,182 - root -INFO - [DOCKER] accessing docker video duration -- End
2021-02-25 11:21:45,184 - root -INFO - [DOCKER] accessing docker video vues -- Start
2021-02-25 11:21:45,185 - root -INFO - [DOCKER] accessing docker video vues -- End
2021-02-25 11:21:45,186 - root -INFO - [DOCKER] accessing docker video theme -- Start
2021-02-25 11:21:45,188 - root -INFO - [DOCKER] accessing docker video theme -- End
2021-02-25 11:21:45,189 - root -INFO - [DOCKER] accessing docker zip list -- Start
2021-02-25 11:21:45,190 - root -INFO - [DOCKER] accessing docker zip list -- End
2021-02-25 11:21:45,192 - root -INFO - [SQL] Connection with sql docker for docker video table: start
2021-02-25 11:21:45,208 - mysql.connector.connection -DEBUG - new_auth_plugin: caching_sha2_password
2021-02-25 11:21:45,212 - root -INFO - [SQL] Connection with sql connector : end
2021-02-25 11:21:45,213 - root -INFO - [DOCKER] accessing docker video title -- Start
2021-02-25 11:21:45,215 - root -INFO - [DOCKER] accessing docker video title -- End
2021-02-25 11:21:45,216 - root -INFO - [DOCKER] accessing docker video link -- Start
2021-02-25 11:21:45,218 - root -INFO - [DOCKER] accessing docker video link -- End
2021-02-25 11:21:45,219 - root -INFO - [DOCKER] accessing docker video youtuber -- Start
2021-02-25 11:21:45,220 - root -INFO - [DOCKER] accessing docker video youtuber -- End
2021-02-25 11:21:45,222 - root -INFO - [DOCKER] accessing docker video duration -- Start
2021-02-25 11:21:45,224 - root -INFO - [DOCKER] accessing docker video duration -- End
2021-02-25 11:21:45,225 - root -INFO - [DOCKER] accessing docker video vues -- Start
2021-02-25 11:21:45,227 - root -INFO - [DOCKER] accessing docker video vues -- End
2021-02-25 11:21:45,229 - root -INFO - [DOCKER] accessing docker video theme -- Start
2021-02-25 11:21:45,231 - root -INFO - [DOCKER] accessing docker video theme -- End
2021-02-25 11:21:45,233 - root -INFO - [DOCKER] accessing docker zip list -- Start
2021-02-25 11:21:45,235 - root -INFO - [DOCKER] accessing docker zip list -- End
2021-02-25 11:21:45,236 - root -INFO - [SQL] Creation docker table  : start
2021-02-25 11:21:45,319 - root -INFO - [SQL] Creation docker carpet : end
2021-02-25 11:21:45,323 - root -INFO - [SQL] Insert data in docker table  : start
2021-02-25 11:21:45,370 - root -INFO - [SQL] Insert data in docker table  : end
2021-02-25 14:26:25,030 - root -INFO - instanciation jsScrap class et get data
2021-02-25 14:26:25,033 - root -INFO - instanciation jsScrap class et get data
2021-02-25 14:26:25,035 - root -INFO - [DOCKER] accessing docker video title -- Start
2021-02-25 14:26:25,037 - root -INFO - [DOCKER] accessing docker video title -- End
2021-02-25 14:26:25,038 - root -INFO - [DOCKER] accessing docker video link -- Start
2021-02-25 14:26:25,039 - root -INFO - [DOCKER] accessing docker video link -- End
2021-02-25 14:26:25,041 - root -INFO - [DOCKER] accessing docker video youtuber -- Start
2021-02-25 14:26:25,042 - root -INFO - [DOCKER] accessing docker video youtuber -- End
2021-02-25 14:26:25,043 - root -INFO - [DOCKER] accessing docker video duration -- Start
2021-02-25 14:26:25,045 - root -INFO - [DOCKER] accessing docker video duration -- End
2021-02-25 14:26:25,046 - root -INFO - [DOCKER] accessing docker video vues -- Start
2021-02-25 14:26:25,047 - root -INFO - [DOCKER] accessing docker video vues -- End
2021-02-25 14:26:25,048 - root -INFO - [DOCKER] accessing docker video theme -- Start
2021-02-25 14:26:25,049 - root -INFO - [DOCKER] accessing docker video theme -- End
2021-02-25 14:26:25,050 - root -INFO - [DOCKER] accessing docker zip list -- Start
2021-02-25 14:26:25,051 - root -INFO - [DOCKER] accessing docker zip list -- End
2021-02-25 14:26:25,054 - root -INFO - instanciation jsScrap class et get data
2021-02-25 14:26:25,055 - root -INFO - instanciation jsScrap class et get data
2021-02-25 14:27:49,030 - root -INFO - instanciation jsScrap class et get data
2021-02-25 14:27:49,031 - root -INFO - instanciation jsScrap class et get data
2021-02-25 14:27:49,032 - root -INFO - [DOCKER] accessing docker video title -- Start
2021-02-25 14:27:49,034 - root -INFO - [DOCKER] accessing docker video title -- End
2021-02-25 14:27:49,035 - root -INFO - [DOCKER] accessing docker video link -- Start
2021-02-25 14:27:49,037 - root -INFO - [DOCKER] accessing docker video link -- End
2021-02-25 14:27:49,038 - root -INFO - [DOCKER] accessing docker video youtuber -- Start
2021-02-25 14:27:49,040 - root -INFO - [DOCKER] accessing docker video youtuber -- End
2021-02-25 14:27:49,042 - root -INFO - [DOCKER] accessing docker video duration -- Start
2021-02-25 14:27:49,043 - root -INFO - [DOCKER] accessing docker video duration -- End
2021-02-25 14:27:49,045 - root -INFO - [DOCKER] accessing docker video vues -- Start
2021-02-25 14:27:49,046 - root -INFO - [DOCKER] accessing docker video vues -- End
2021-02-25 14:27:49,047 - root -INFO - [DOCKER] accessing docker video theme -- Start
2021-02-25 14:27:49,049 - root -INFO - [DOCKER] accessing docker video theme -- End
2021-02-25 14:27:49,050 - root -INFO - [DOCKER] accessing docker zip list -- Start
2021-02-25 14:27:49,051 - root -INFO - [DOCKER] accessing docker zip list -- End
2021-02-25 14:27:49,053 - root -INFO - instanciation jsScrap class et get data
2021-02-25 14:27:49,055 - root -INFO - instanciation jsScrap class et get data
2021-02-25 14:27:49,056 - root -INFO - [SQL] Connection with sql docker for docker video table: start
2021-02-25 14:27:49,081 - mysql.connector.connection -DEBUG - new_auth_plugin: caching_sha2_password
2021-02-25 14:27:49,090 - root -INFO - [SQL] Connection with sql connector : end
2021-02-25 14:27:49,091 - root -INFO - [DOCKER] accessing docker video title -- Start
2021-02-25 14:27:49,092 - root -INFO - [DOCKER] accessing docker video title -- End
2021-02-25 14:27:49,094 - root -INFO - [DOCKER] accessing docker video link -- Start
2021-02-25 14:27:49,095 - root -INFO - [DOCKER] accessing docker video link -- End
2021-02-25 14:27:49,097 - root -INFO - [DOCKER] accessing docker video youtuber -- Start
2021-02-25 14:27:49,098 - root -INFO - [DOCKER] accessing docker video youtuber -- End
2021-02-25 14:27:49,100 - root -INFO - [DOCKER] accessing docker video duration -- Start
2021-02-25 14:27:49,101 - root -INFO - [DOCKER] accessing docker video duration -- End
2021-02-25 14:27:49,103 - root -INFO - [DOCKER] accessing docker video vues -- Start
2021-02-25 14:27:49,104 - root -INFO - [DOCKER] accessing docker video vues -- End
2021-02-25 14:27:49,105 - root -INFO - [DOCKER] accessing docker video theme -- Start
2021-02-25 14:27:49,107 - root -INFO - [DOCKER] accessing docker video theme -- End
2021-02-25 14:27:49,108 - root -INFO - [DOCKER] accessing docker zip list -- Start
2021-02-25 14:27:49,109 - root -INFO - [DOCKER] accessing docker zip list -- End
2021-02-25 14:27:49,111 - root -INFO - instanciation jsScrap class et get data
2021-02-25 14:27:49,113 - root -INFO - instanciation jsScrap class et get data
2021-02-25 14:27:49,114 - root -INFO - [SQL] Creation docker table  : start
2021-02-25 14:31:11,775 - root -INFO - instanciation jsScrap class et get data
2021-02-25 14:31:11,777 - root -INFO - instanciation jsScrap class et get data
2021-02-25 14:31:11,779 - root -INFO - [DOCKER] accessing docker video title -- Start
2021-02-25 14:31:11,780 - root -INFO - [DOCKER] accessing docker video title -- End
2021-02-25 14:31:11,781 - root -INFO - [DOCKER] accessing docker video link -- Start
2021-02-25 14:31:11,783 - root -INFO - [DOCKER] accessing docker video link -- End
2021-02-25 14:31:11,784 - root -INFO - [DOCKER] accessing docker video youtuber -- Start
2021-02-25 14:31:11,785 - root -INFO - [DOCKER] accessing docker video youtuber -- End
2021-02-25 14:31:11,787 - root -INFO - [DOCKER] accessing docker video duration -- Start
2021-02-25 14:31:11,788 - root -INFO - [DOCKER] accessing docker video duration -- End
2021-02-25 14:31:11,789 - root -INFO - [DOCKER] accessing docker video vues -- Start
2021-02-25 14:31:11,791 - root -INFO - [DOCKER] accessing docker video vues -- End
2021-02-25 14:31:11,792 - root -INFO - [DOCKER] accessing docker video theme -- Start
2021-02-25 14:31:11,794 - root -INFO - [DOCKER] accessing docker video theme -- End
2021-02-25 14:31:11,795 - root -INFO - [DOCKER] accessing docker zip list -- Start
2021-02-25 14:31:11,796 - root -INFO - [DOCKER] accessing docker zip list -- End
2021-02-25 14:31:11,797 - root -INFO - instanciation jsScrap class et get data
2021-02-25 14:31:11,799 - root -INFO - instanciation jsScrap class et get data
2021-02-25 14:31:11,801 - root -INFO - [SQL] Connection with sql docker for docker video table: start
2021-02-25 14:31:11,836 - mysql.connector.connection -DEBUG - new_auth_plugin: caching_sha2_password
2021-02-25 14:31:11,845 - root -INFO - [SQL] Connection with sql connector : end
2021-02-25 14:31:11,847 - root -INFO - [DOCKER] accessing docker video title -- Start
2021-02-25 14:31:11,848 - root -INFO - [DOCKER] accessing docker video title -- End
2021-02-25 14:31:11,849 - root -INFO - [DOCKER] accessing docker video link -- Start
2021-02-25 14:31:11,850 - root -INFO - [DOCKER] accessing docker video link -- End
2021-02-25 14:31:11,852 - root -INFO - [DOCKER] accessing docker video youtuber -- Start
2021-02-25 14:31:11,853 - root -INFO - [DOCKER] accessing docker video youtuber -- End
2021-02-25 14:31:11,854 - root -INFO - [DOCKER] accessing docker video duration -- Start
2021-02-25 14:31:11,855 - root -INFO - [DOCKER] accessing docker video duration -- End
2021-02-25 14:31:11,856 - root -INFO - [DOCKER] accessing docker video vues -- Start
2021-02-25 14:31:11,857 - root -INFO - [DOCKER] accessing docker video vues -- End
2021-02-25 14:31:11,859 - root -INFO - [DOCKER] accessing docker video theme -- Start
2021-02-25 14:31:11,860 - root -INFO - [DOCKER] accessing docker video theme -- End
2021-02-25 14:31:11,862 - root -INFO - [DOCKER] accessing docker zip list -- Start
2021-02-25 14:31:11,863 - root -INFO - [DOCKER] accessing docker zip list -- End
2021-02-25 14:31:11,864 - root -INFO - instanciation jsScrap class et get data
2021-02-25 14:31:11,865 - root -INFO - instanciation jsScrap class et get data
2021-02-25 14:31:11,866 - root -INFO - [SQL] Creation docker table  : start
2021-02-25 14:31:12,034 - root -INFO - [SQL] Creation docker video : end
2021-02-25 14:31:47,408 - root -INFO - instanciation jsScrap class et get data
2021-02-25 14:31:47,411 - root -INFO - instanciation jsScrap class et get data
2021-02-25 14:31:47,412 - root -INFO - [DOCKER] accessing docker video title -- Start
2021-02-25 14:31:47,413 - root -INFO - [DOCKER] accessing docker video title -- End
2021-02-25 14:31:47,415 - root -INFO - [DOCKER] accessing docker video link -- Start
2021-02-25 14:31:47,416 - root -INFO - [DOCKER] accessing docker video link -- End
2021-02-25 14:31:47,418 - root -INFO - [DOCKER] accessing docker video youtuber -- Start
2021-02-25 14:31:47,419 - root -INFO - [DOCKER] accessing docker video youtuber -- End
2021-02-25 14:31:47,421 - root -INFO - [DOCKER] accessing docker video duration -- Start
2021-02-25 14:31:47,422 - root -INFO - [DOCKER] accessing docker video duration -- End
2021-02-25 14:31:47,424 - root -INFO - [DOCKER] accessing docker video vues -- Start
2021-02-25 14:31:47,425 - root -INFO - [DOCKER] accessing docker video vues -- End
2021-02-25 14:31:47,426 - root -INFO - [DOCKER] accessing docker video theme -- Start
2021-02-25 14:31:47,428 - root -INFO - [DOCKER] accessing docker video theme -- End
2021-02-25 14:31:47,430 - root -INFO - [DOCKER] accessing docker zip list -- Start
2021-02-25 14:31:47,431 - root -INFO - [DOCKER] accessing docker zip list -- End
2021-02-25 14:31:47,433 - root -INFO - instanciation jsScrap class et get data
2021-02-25 14:31:47,434 - root -INFO - instanciation jsScrap class et get data
2021-02-25 14:31:47,435 - root -INFO - [SQL] Connection with sql docker for docker video table: start
2021-02-25 14:31:47,454 - mysql.connector.connection -DEBUG - new_auth_plugin: caching_sha2_password
2021-02-25 14:31:47,460 - root -INFO - [SQL] Connection with sql connector : end
2021-02-25 14:31:47,461 - root -INFO - [DOCKER] accessing docker video title -- Start
2021-02-25 14:31:47,463 - root -INFO - [DOCKER] accessing docker video title -- End
2021-02-25 14:31:47,464 - root -INFO - [DOCKER] accessing docker video link -- Start
2021-02-25 14:31:47,465 - root -INFO - [DOCKER] accessing docker video link -- End
2021-02-25 14:31:47,467 - root -INFO - [DOCKER] accessing docker video youtuber -- Start
2021-02-25 14:31:47,469 - root -INFO - [DOCKER] accessing docker video youtuber -- End
2021-02-25 14:31:47,470 - root -INFO - [DOCKER] accessing docker video duration -- Start
2021-02-25 14:31:47,472 - root -INFO - [DOCKER] accessing docker video duration -- End
2021-02-25 14:31:47,475 - root -INFO - [DOCKER] accessing docker video vues -- Start
2021-02-25 14:31:47,476 - root -INFO - [DOCKER] accessing docker video vues -- End
2021-02-25 14:31:47,478 - root -INFO - [DOCKER] accessing docker video theme -- Start
2021-02-25 14:31:47,480 - root -INFO - [DOCKER] accessing docker video theme -- End
2021-02-25 14:31:47,482 - root -INFO - [DOCKER] accessing docker zip list -- Start
2021-02-25 14:31:47,484 - root -INFO - [DOCKER] accessing docker zip list -- End
2021-02-25 14:31:47,485 - root -INFO - instanciation jsScrap class et get data
2021-02-25 14:31:47,486 - root -INFO - instanciation jsScrap class et get data
2021-02-25 14:31:47,488 - root -INFO - [SQL] Creation docker table  : start
2021-02-25 14:31:47,640 - root -INFO - [SQL] Creation docker video : end
2021-02-25 14:31:47,642 - root -INFO - [SQL] Insert data in docker table  : start
2021-02-25 14:31:47,679 - root -INFO - [SQL] Insert data in docker table  : end
2021-02-25 14:31:47,708 - root -INFO - [SQL] Insert data in docker table  : end
2021-02-25 14:38:56,498 - root -INFO - instanciation jsScrap class et get data
2021-02-25 14:38:56,499 - root -INFO - instanciation jsScrap class et get data
2021-02-25 14:38:56,524 - root -INFO - instanciation PythonScrap class et get data
2021-02-25 14:38:56,526 - root -INFO - [DOCKER] accessing docker video title -- Start
2021-02-25 14:38:56,528 - root -INFO - [DOCKER] accessing docker video title -- End
2021-02-25 14:38:56,530 - root -INFO - [DOCKER] accessing docker video link -- Start
2021-02-25 14:38:56,531 - root -INFO - [DOCKER] accessing docker video link -- End
2021-02-25 14:38:56,532 - root -INFO - [DOCKER] accessing docker video youtuber -- Start
2021-02-25 14:38:56,533 - root -INFO - [DOCKER] accessing docker video youtuber -- End
2021-02-25 14:38:56,535 - root -INFO - [DOCKER] accessing docker video duration -- Start
2021-02-25 14:38:56,536 - root -INFO - [DOCKER] accessing docker video duration -- End
2021-02-25 14:38:56,537 - root -INFO - [DOCKER] accessing docker video vues -- Start
2021-02-25 14:38:56,538 - root -INFO - [DOCKER] accessing docker video vues -- End
2021-02-25 14:38:56,541 - root -INFO - [DOCKER] accessing docker video theme -- Start
2021-02-25 14:38:56,543 - root -INFO - [DOCKER] accessing docker video theme -- End
2021-02-25 14:38:56,548 - root -INFO - [DOCKER] accessing docker zip list -- Start
2021-02-25 14:38:56,550 - root -INFO - [DOCKER] accessing docker zip list -- End
2021-02-25 14:38:56,551 - root -INFO - instanciation PythonScrap class et get data
2021-02-25 14:38:56,553 - root -INFO - instanciation PythonScrap class et get data
2021-02-25 14:39:41,397 - root -INFO - instanciation jsScrap class et get data
2021-02-25 14:39:41,399 - root -INFO - instanciation jsScrap class et get data
2021-02-25 14:39:41,412 - root -INFO - instanciation PythonScrap class et get data
2021-02-25 14:39:41,416 - root -INFO - [DOCKER] accessing docker video title -- Start
2021-02-25 14:39:41,419 - root -INFO - [DOCKER] accessing docker video title -- End
2021-02-25 14:39:41,421 - root -INFO - [DOCKER] accessing docker video link -- Start
2021-02-25 14:39:41,423 - root -INFO - [DOCKER] accessing docker video link -- End
2021-02-25 14:39:41,424 - root -INFO - [DOCKER] accessing docker video youtuber -- Start
2021-02-25 14:39:41,426 - root -INFO - [DOCKER] accessing docker video youtuber -- End
2021-02-25 14:39:41,429 - root -INFO - [DOCKER] accessing docker video duration -- Start
2021-02-25 14:39:41,433 - root -INFO - [DOCKER] accessing docker video duration -- End
2021-02-25 14:39:41,436 - root -INFO - [DOCKER] accessing docker video vues -- Start
2021-02-25 14:39:41,444 - root -INFO - [DOCKER] accessing docker video vues -- End
2021-02-25 14:39:41,449 - root -INFO - [DOCKER] accessing docker video theme -- Start
2021-02-25 14:39:41,451 - root -INFO - [DOCKER] accessing docker video theme -- End
2021-02-25 14:39:41,453 - root -INFO - [DOCKER] accessing docker zip list -- Start
2021-02-25 14:39:41,456 - root -INFO - [DOCKER] accessing docker zip list -- End
2021-02-25 14:39:41,461 - root -INFO - instanciation PythonScrap class et get data
2021-02-25 14:39:41,464 - root -INFO - instanciation PythonScrap class et get data
2021-02-25 14:39:41,468 - root -INFO - [SQL] Connection with sql docker for docker video table: start
2021-02-25 14:39:41,516 - mysql.connector.connection -DEBUG - new_auth_plugin: caching_sha2_password
2021-02-25 14:39:41,527 - root -INFO - [SQL] Connection with sql connector : end
2021-02-25 14:39:41,530 - root -INFO - [DOCKER] accessing docker video title -- Start
2021-02-25 14:39:41,532 - root -INFO - [DOCKER] accessing docker video title -- End
2021-02-25 14:39:41,535 - root -INFO - [DOCKER] accessing docker video link -- Start
2021-02-25 14:39:41,536 - root -INFO - [DOCKER] accessing docker video link -- End
2021-02-25 14:39:41,538 - root -INFO - [DOCKER] accessing docker video youtuber -- Start
2021-02-25 14:39:41,539 - root -INFO - [DOCKER] accessing docker video youtuber -- End
2021-02-25 14:39:41,540 - root -INFO - [DOCKER] accessing docker video duration -- Start
2021-02-25 14:39:41,541 - root -INFO - [DOCKER] accessing docker video duration -- End
2021-02-25 14:39:41,542 - root -INFO - [DOCKER] accessing docker video vues -- Start
2021-02-25 14:39:41,544 - root -INFO - [DOCKER] accessing docker video vues -- End
2021-02-25 14:39:41,545 - root -INFO - [DOCKER] accessing docker video theme -- Start
2021-02-25 14:39:41,547 - root -INFO - [DOCKER] accessing docker video theme -- End
2021-02-25 14:39:41,550 - root -INFO - [DOCKER] accessing docker zip list -- Start
2021-02-25 14:39:41,553 - root -INFO - [DOCKER] accessing docker zip list -- End
2021-02-25 14:39:41,555 - root -INFO - instanciation jsScrap class et get data
2021-02-25 14:39:41,558 - root -INFO - instanciation jsScrap class et get data
2021-02-25 14:39:41,560 - root -INFO - instanciation PythonScrap class et get data
2021-02-25 14:39:41,562 - root -INFO - instanciation PythonScrap class et get data
2021-02-25 14:39:41,564 - root -INFO - [SQL] Creation docker table  : start
2021-02-25 14:39:41,717 - root -INFO - [SQL] Creation docker video : end
2021-02-25 14:39:41,719 - root -INFO - [SQL] Insert data in docker table  : start
2021-02-25 14:39:41,749 - root -INFO - [SQL] Insert data in docker table  : end
2021-02-25 14:39:41,778 - root -INFO - [SQL] Insert data in docker table  : end
2021-02-25 14:39:41,797 - root -INFO - [SQL] Insert data in docker table  : end
2021-02-25 15:40:56,351 - root -INFO - instanciation jsScrap class et get data
2021-02-25 15:40:56,353 - root -INFO - instanciation jsScrap class et get data
2021-02-25 15:40:56,373 - root -INFO - instanciation PythonScrap class et get data
2021-02-25 15:40:56,376 - root -INFO - [DOCKER] accessing docker video title -- Start
2021-02-25 15:40:56,380 - root -INFO - [DOCKER] accessing docker video title -- End
2021-02-25 15:40:56,388 - root -INFO - [DOCKER] accessing docker video link -- Start
2021-02-25 15:40:56,391 - root -INFO - [DOCKER] accessing docker video link -- End
2021-02-25 15:40:56,394 - root -INFO - [DOCKER] accessing docker video youtuber -- Start
2021-02-25 15:40:56,396 - root -INFO - [DOCKER] accessing docker video youtuber -- End
2021-02-25 15:40:56,399 - root -INFO - [DOCKER] accessing docker video duration -- Start
2021-02-25 15:40:56,401 - root -INFO - [DOCKER] accessing docker video duration -- End
2021-02-25 15:40:56,423 - root -INFO - [DOCKER] accessing docker video vues -- Start
2021-02-25 15:40:56,431 - root -INFO - [DOCKER] accessing docker video vues -- End
2021-02-25 15:40:56,434 - root -INFO - [DOCKER] accessing docker video theme -- Start
2021-02-25 15:40:56,443 - root -INFO - [DOCKER] accessing docker video theme -- End
2021-02-25 15:40:56,447 - root -INFO - [DOCKER] accessing docker zip list -- Start
2021-02-25 15:40:56,452 - root -INFO - [DOCKER] accessing docker zip list -- End
2021-02-25 15:40:56,454 - root -INFO - instanciation PythonScrap class et get data
2021-02-25 15:40:56,456 - root -INFO - instanciation PythonScrap class et get data
2021-02-25 15:40:56,460 - root -INFO - [SQL] Connection with sql docker for docker video table: start
2021-02-25 15:40:56,487 - mysql.connector.connection -DEBUG - new_auth_plugin: caching_sha2_password
2021-02-25 15:40:56,501 - root -INFO - [SQL] Connection with sql connector : end
2021-02-25 15:40:56,503 - root -INFO - [DOCKER] accessing docker video title -- Start
2021-02-25 15:40:56,504 - root -INFO - [DOCKER] accessing docker video title -- End
2021-02-25 15:40:56,505 - root -INFO - [DOCKER] accessing docker video link -- Start
2021-02-25 15:40:56,507 - root -INFO - [DOCKER] accessing docker video link -- End
2021-02-25 15:40:56,509 - root -INFO - [DOCKER] accessing docker video youtuber -- Start
2021-02-25 15:40:56,510 - root -INFO - [DOCKER] accessing docker video youtuber -- End
2021-02-25 15:40:56,512 - root -INFO - [DOCKER] accessing docker video duration -- Start
2021-02-25 15:40:56,513 - root -INFO - [DOCKER] accessing docker video duration -- End
2021-02-25 15:40:56,514 - root -INFO - [DOCKER] accessing docker video vues -- Start
2021-02-25 15:40:56,516 - root -INFO - [DOCKER] accessing docker video vues -- End
2021-02-25 15:40:56,517 - root -INFO - [DOCKER] accessing docker video theme -- Start
2021-02-25 15:40:56,518 - root -INFO - [DOCKER] accessing docker video theme -- End
2021-02-25 15:40:56,520 - root -INFO - [DOCKER] accessing docker zip list -- Start
2021-02-25 15:40:56,521 - root -INFO - [DOCKER] accessing docker zip list -- End
2021-02-25 15:40:56,522 - root -INFO - instanciation jsScrap class et get data
2021-02-25 15:40:56,524 - root -INFO - instanciation jsScrap class et get data
2021-02-25 15:40:56,525 - root -INFO - instanciation PythonScrap class et get data
2021-02-25 15:40:56,527 - root -INFO - instanciation PythonScrap class et get data
2021-02-25 15:40:56,528 - root -INFO - [SQL] Creation data_videos table  : start
2021-02-25 15:47:04,712 - root -INFO - instanciation jsScrap class et get data
2021-02-25 15:47:04,714 - root -INFO - instanciation jsScrap class et get data
2021-02-25 15:47:04,749 - root -INFO - instanciation PythonScrap class et get data
2021-02-25 15:47:04,754 - root -INFO - [DOCKER] accessing docker video title -- Start
2021-02-25 15:47:04,756 - root -INFO - [DOCKER] accessing docker video title -- End
2021-02-25 15:47:04,764 - root -INFO - [DOCKER] accessing docker video link -- Start
2021-02-25 15:47:04,766 - root -INFO - [DOCKER] accessing docker video link -- End
2021-02-25 15:47:04,767 - root -INFO - [DOCKER] accessing docker video youtuber -- Start
2021-02-25 15:47:04,769 - root -INFO - [DOCKER] accessing docker video youtuber -- End
2021-02-25 15:47:04,770 - root -INFO - [DOCKER] accessing docker video duration -- Start
2021-02-25 15:47:04,772 - root -INFO - [DOCKER] accessing docker video duration -- End
2021-02-25 15:47:04,775 - root -INFO - [DOCKER] accessing docker video vues -- Start
2021-02-25 15:47:04,776 - root -INFO - [DOCKER] accessing docker video vues -- End
2021-02-25 15:47:04,778 - root -INFO - [DOCKER] accessing docker video theme -- Start
2021-02-25 15:47:04,780 - root -INFO - [DOCKER] accessing docker video theme -- End
2021-02-25 15:47:04,783 - root -INFO - [DOCKER] accessing docker zip list -- Start
2021-02-25 15:47:04,785 - root -INFO - [DOCKER] accessing docker zip list -- End
2021-02-25 15:47:04,786 - root -INFO - instanciation PythonScrap class et get data
2021-02-25 15:47:04,789 - root -INFO - instanciation PythonScrap class et get data
2021-02-25 15:47:04,792 - root -INFO - [SQL] Connection with sql docker for docker video table: start
2021-02-25 15:47:04,812 - mysql.connector.connection -DEBUG - new_auth_plugin: caching_sha2_password
2021-02-25 15:47:04,823 - root -INFO - [SQL] Connection with sql connector : end
2021-02-25 15:47:04,826 - root -INFO - [DOCKER] accessing docker video title -- Start
2021-02-25 15:47:04,827 - root -INFO - [DOCKER] accessing docker video title -- End
2021-02-25 15:47:04,829 - root -INFO - [DOCKER] accessing docker video link -- Start
2021-02-25 15:47:04,830 - root -INFO - [DOCKER] accessing docker video link -- End
2021-02-25 15:47:04,832 - root -INFO - [DOCKER] accessing docker video youtuber -- Start
2021-02-25 15:47:04,834 - root -INFO - [DOCKER] accessing docker video youtuber -- End
2021-02-25 15:47:04,836 - root -INFO - [DOCKER] accessing docker video duration -- Start
2021-02-25 15:47:04,837 - root -INFO - [DOCKER] accessing docker video duration -- End
2021-02-25 15:47:04,839 - root -INFO - [DOCKER] accessing docker video vues -- Start
2021-02-25 15:47:04,840 - root -INFO - [DOCKER] accessing docker video vues -- End
2021-02-25 15:47:04,842 - root -INFO - [DOCKER] accessing docker video theme -- Start
2021-02-25 15:47:04,843 - root -INFO - [DOCKER] accessing docker video theme -- End
2021-02-25 15:47:04,845 - root -INFO - [DOCKER] accessing docker zip list -- Start
2021-02-25 15:47:04,847 - root -INFO - [DOCKER] accessing docker zip list -- End
2021-02-25 15:47:04,849 - root -INFO - instanciation jsScrap class et get data
2021-02-25 15:47:04,850 - root -INFO - instanciation jsScrap class et get data
2021-02-25 15:47:04,852 - root -INFO - instanciation PythonScrap class et get data
2021-02-25 15:47:04,853 - root -INFO - instanciation PythonScrap class et get data
2021-02-25 15:47:04,856 - root -INFO - [SQL] Creation data_videos table  : start
2021-02-25 15:57:51,832 - root -INFO - instanciation jsScrap class et get data
2021-02-25 15:57:51,836 - root -INFO - instanciation jsScrap class et get data
2021-02-25 15:57:51,869 - root -INFO - instanciation PythonScrap class et get data
2021-02-25 15:57:51,870 - root -INFO - [DOCKER] accessing docker video title -- Start
2021-02-25 15:57:51,871 - root -INFO - [DOCKER] accessing docker video title -- End
2021-02-25 15:57:51,872 - root -INFO - [DOCKER] accessing docker video link -- Start
2021-02-25 15:57:51,875 - root -INFO - [DOCKER] accessing docker video link -- End
2021-02-25 15:57:51,877 - root -INFO - [DOCKER] accessing docker video youtuber -- Start
2021-02-25 15:57:51,880 - root -INFO - [DOCKER] accessing docker video youtuber -- End
2021-02-25 15:57:51,882 - root -INFO - [DOCKER] accessing docker video duration -- Start
2021-02-25 15:57:51,883 - root -INFO - [DOCKER] accessing docker video duration -- End
2021-02-25 15:57:51,886 - root -INFO - [DOCKER] accessing docker video vues -- Start
2021-02-25 15:57:51,888 - root -INFO - [DOCKER] accessing docker video vues -- End
2021-02-25 15:57:51,894 - root -INFO - [DOCKER] accessing docker video theme -- Start
2021-02-25 15:57:51,897 - root -INFO - [DOCKER] accessing docker video theme -- End
2021-02-25 15:57:51,898 - root -INFO - [DOCKER] accessing docker zip list -- Start
2021-02-25 15:57:51,901 - root -INFO - [DOCKER] accessing docker zip list -- End
2021-02-25 15:57:51,904 - root -INFO - instanciation PythonScrap class et get data
2021-02-25 15:57:51,906 - root -INFO - instanciation PythonScrap class et get data
2021-02-25 15:57:51,908 - root -INFO - [SQL] Connection with sql docker for docker video table: start
2021-02-25 15:57:51,940 - mysql.connector.connection -DEBUG - new_auth_plugin: caching_sha2_password
2021-02-25 15:57:51,958 - root -INFO - [SQL] Connection with sql connector : end
2021-02-25 15:57:51,961 - root -INFO - [DOCKER] accessing docker video title -- Start
2021-02-25 15:57:51,963 - root -INFO - [DOCKER] accessing docker video title -- End
2021-02-25 15:57:51,967 - root -INFO - [DOCKER] accessing docker video link -- Start
2021-02-25 15:57:51,969 - root -INFO - [DOCKER] accessing docker video link -- End
2021-02-25 15:57:51,973 - root -INFO - [DOCKER] accessing docker video youtuber -- Start
2021-02-25 15:57:51,977 - root -INFO - [DOCKER] accessing docker video youtuber -- End
2021-02-25 15:57:51,982 - root -INFO - [DOCKER] accessing docker video duration -- Start
2021-02-25 15:57:51,987 - root -INFO - [DOCKER] accessing docker video duration -- End
2021-02-25 15:57:51,990 - root -INFO - [DOCKER] accessing docker video vues -- Start
2021-02-25 15:57:51,993 - root -INFO - [DOCKER] accessing docker video vues -- End
2021-02-25 15:57:51,996 - root -INFO - [DOCKER] accessing docker video theme -- Start
2021-02-25 15:57:51,998 - root -INFO - [DOCKER] accessing docker video theme -- End
2021-02-25 15:57:51,999 - root -INFO - [DOCKER] accessing docker zip list -- Start
2021-02-25 15:57:52,001 - root -INFO - [DOCKER] accessing docker zip list -- End
2021-02-25 15:57:52,003 - root -INFO - instanciation jsScrap class et get data
2021-02-25 15:57:52,004 - root -INFO - instanciation jsScrap class et get data
2021-02-25 15:57:52,007 - root -INFO - instanciation PythonScrap class et get data
2021-02-25 15:57:52,008 - root -INFO - instanciation PythonScrap class et get data
2021-02-25 15:57:52,012 - root -INFO - [SQL] Creation data_videos table  : start
2021-02-25 16:01:42,016 - root -INFO - instanciation jsScrap class et get data
2021-02-25 16:01:42,018 - root -INFO - instanciation jsScrap class et get data
2021-02-25 16:01:42,026 - root -INFO - instanciation PythonScrap class et get data
2021-02-25 16:01:42,028 - root -INFO - [DOCKER] accessing docker video title -- Start
2021-02-25 16:01:42,029 - root -INFO - [DOCKER] accessing docker video title -- End
2021-02-25 16:01:42,031 - root -INFO - [DOCKER] accessing docker video link -- Start
2021-02-25 16:01:42,033 - root -INFO - [DOCKER] accessing docker video link -- End
2021-02-25 16:01:42,035 - root -INFO - [DOCKER] accessing docker video youtuber -- Start
2021-02-25 16:01:42,037 - root -INFO - [DOCKER] accessing docker video youtuber -- End
2021-02-25 16:01:42,039 - root -INFO - [DOCKER] accessing docker video duration -- Start
2021-02-25 16:01:42,040 - root -INFO - [DOCKER] accessing docker video duration -- End
2021-02-25 16:01:42,041 - root -INFO - [DOCKER] accessing docker video vues -- Start
2021-02-25 16:01:42,043 - root -INFO - [DOCKER] accessing docker video vues -- End
2021-02-25 16:01:42,044 - root -INFO - [DOCKER] accessing docker video theme -- Start
2021-02-25 16:01:42,046 - root -INFO - [DOCKER] accessing docker video theme -- End
2021-02-25 16:01:42,047 - root -INFO - [DOCKER] accessing docker zip list -- Start
2021-02-25 16:01:42,049 - root -INFO - [DOCKER] accessing docker zip list -- End
2021-02-25 16:01:42,050 - root -INFO - instanciation PythonScrap class et get data
2021-02-25 16:01:42,052 - root -INFO - instanciation PythonScrap class et get data
2021-02-25 16:01:54,335 - root -INFO - instanciation jsScrap class et get data
2021-02-25 16:01:54,337 - root -INFO - instanciation jsScrap class et get data
2021-02-25 16:01:54,342 - root -INFO - instanciation PythonScrap class et get data
2021-02-25 16:01:54,345 - root -INFO - [DOCKER] accessing docker video title -- Start
2021-02-25 16:01:54,347 - root -INFO - [DOCKER] accessing docker video title -- End
2021-02-25 16:01:54,348 - root -INFO - [DOCKER] accessing docker video link -- Start
2021-02-25 16:01:54,351 - root -INFO - [DOCKER] accessing docker video link -- End
2021-02-25 16:01:54,352 - root -INFO - [DOCKER] accessing docker video youtuber -- Start
2021-02-25 16:01:54,354 - root -INFO - [DOCKER] accessing docker video youtuber -- End
2021-02-25 16:01:54,355 - root -INFO - [DOCKER] accessing docker video duration -- Start
2021-02-25 16:01:54,357 - root -INFO - [DOCKER] accessing docker video duration -- End
2021-02-25 16:01:54,361 - root -INFO - [DOCKER] accessing docker video vues -- Start
2021-02-25 16:01:54,362 - root -INFO - [DOCKER] accessing docker video vues -- End
2021-02-25 16:01:54,363 - root -INFO - [DOCKER] accessing docker video theme -- Start
2021-02-25 16:01:54,365 - root -INFO - [DOCKER] accessing docker video theme -- End
2021-02-25 16:01:54,366 - root -INFO - [DOCKER] accessing docker zip list -- Start
2021-02-25 16:01:54,368 - root -INFO - [DOCKER] accessing docker zip list -- End
2021-02-25 16:01:54,369 - root -INFO - instanciation PythonScrap class et get data
2021-02-25 16:01:54,371 - root -INFO - instanciation PythonScrap class et get data
2021-02-25 16:01:54,372 - root -INFO - [SQL] Connection with sql docker for docker video table: start
2021-02-25 16:01:54,391 - mysql.connector.connection -DEBUG - new_auth_plugin: caching_sha2_password
2021-02-25 16:01:54,400 - root -INFO - [SQL] Connection with sql connector : end
2021-02-25 16:01:54,401 - root -INFO - [DOCKER] accessing docker video title -- Start
2021-02-25 16:01:54,403 - root -INFO - [DOCKER] accessing docker video title -- End
2021-02-25 16:01:54,405 - root -INFO - [DOCKER] accessing docker video link -- Start
2021-02-25 16:01:54,406 - root -INFO - [DOCKER] accessing docker video link -- End
2021-02-25 16:01:54,407 - root -INFO - [DOCKER] accessing docker video youtuber -- Start
2021-02-25 16:01:54,408 - root -INFO - [DOCKER] accessing docker video youtuber -- End
2021-02-25 16:01:54,409 - root -INFO - [DOCKER] accessing docker video duration -- Start
2021-02-25 16:01:54,411 - root -INFO - [DOCKER] accessing docker video duration -- End
2021-02-25 16:01:54,412 - root -INFO - [DOCKER] accessing docker video vues -- Start
2021-02-25 16:01:54,413 - root -INFO - [DOCKER] accessing docker video vues -- End
2021-02-25 16:01:54,415 - root -INFO - [DOCKER] accessing docker video theme -- Start
2021-02-25 16:01:54,416 - root -INFO - [DOCKER] accessing docker video theme -- End
2021-02-25 16:01:54,417 - root -INFO - [DOCKER] accessing docker zip list -- Start
2021-02-25 16:01:54,419 - root -INFO - [DOCKER] accessing docker zip list -- End
2021-02-25 16:01:54,420 - root -INFO - instanciation jsScrap class et get data
2021-02-25 16:01:54,421 - root -INFO - instanciation jsScrap class et get data
2021-02-25 16:01:54,423 - root -INFO - instanciation PythonScrap class et get data
2021-02-25 16:01:54,424 - root -INFO - instanciation PythonScrap class et get data
2021-02-25 16:01:54,426 - root -INFO - [SQL] Creation data_videos table  : start
2021-02-25 16:02:18,513 - root -INFO - instanciation jsScrap class et get data
2021-02-25 16:02:18,515 - root -INFO - instanciation jsScrap class et get data
2021-02-25 16:02:18,519 - root -INFO - instanciation PythonScrap class et get data
2021-02-25 16:02:18,520 - root -INFO - [DOCKER] accessing docker video title -- Start
2021-02-25 16:02:18,521 - root -INFO - [DOCKER] accessing docker video title -- End
2021-02-25 16:02:18,523 - root -INFO - [DOCKER] accessing docker video link -- Start
2021-02-25 16:02:18,524 - root -INFO - [DOCKER] accessing docker video link -- End
2021-02-25 16:02:18,525 - root -INFO - [DOCKER] accessing docker video youtuber -- Start
2021-02-25 16:02:18,526 - root -INFO - [DOCKER] accessing docker video youtuber -- End
2021-02-25 16:02:18,529 - root -INFO - [DOCKER] accessing docker video duration -- Start
2021-02-25 16:02:18,531 - root -INFO - [DOCKER] accessing docker video duration -- End
2021-02-25 16:02:18,533 - root -INFO - [DOCKER] accessing docker video vues -- Start
2021-02-25 16:02:18,534 - root -INFO - [DOCKER] accessing docker video vues -- End
2021-02-25 16:02:18,535 - root -INFO - [DOCKER] accessing docker video theme -- Start
2021-02-25 16:02:18,537 - root -INFO - [DOCKER] accessing docker video theme -- End
2021-02-25 16:02:18,538 - root -INFO - [DOCKER] accessing docker zip list -- Start
2021-02-25 16:02:18,540 - root -INFO - [DOCKER] accessing docker zip list -- End
2021-02-25 16:02:18,541 - root -INFO - instanciation PythonScrap class et get data
2021-02-25 16:02:18,542 - root -INFO - instanciation PythonScrap class et get data
2021-02-25 16:02:18,544 - root -INFO - [SQL] Connection with sql docker for docker video table: start
2021-02-25 16:02:18,561 - mysql.connector.connection -DEBUG - new_auth_plugin: caching_sha2_password
2021-02-25 16:02:18,566 - root -INFO - [SQL] Connection with sql connector : end
2021-02-25 16:02:18,568 - root -INFO - [DOCKER] accessing docker video title -- Start
2021-02-25 16:02:18,569 - root -INFO - [DOCKER] accessing docker video title -- End
2021-02-25 16:02:18,573 - root -INFO - [DOCKER] accessing docker video link -- Start
2021-02-25 16:02:18,575 - root -INFO - [DOCKER] accessing docker video link -- End
2021-02-25 16:02:18,577 - root -INFO - [DOCKER] accessing docker video youtuber -- Start
2021-02-25 16:02:18,580 - root -INFO - [DOCKER] accessing docker video youtuber -- End
2021-02-25 16:02:18,583 - root -INFO - [DOCKER] accessing docker video duration -- Start
2021-02-25 16:02:18,585 - root -INFO - [DOCKER] accessing docker video duration -- End
2021-02-25 16:02:18,587 - root -INFO - [DOCKER] accessing docker video vues -- Start
2021-02-25 16:02:18,588 - root -INFO - [DOCKER] accessing docker video vues -- End
2021-02-25 16:02:18,593 - root -INFO - [DOCKER] accessing docker video theme -- Start
2021-02-25 16:02:18,595 - root -INFO - [DOCKER] accessing docker video theme -- End
2021-02-25 16:02:18,596 - root -INFO - [DOCKER] accessing docker zip list -- Start
2021-02-25 16:02:18,597 - root -INFO - [DOCKER] accessing docker zip list -- End
2021-02-25 16:02:18,604 - root -INFO - instanciation jsScrap class et get data
2021-02-25 16:02:18,607 - root -INFO - instanciation jsScrap class et get data
2021-02-25 16:02:18,608 - root -INFO - instanciation PythonScrap class et get data
2021-02-25 16:02:18,610 - root -INFO - instanciation PythonScrap class et get data
2021-02-25 16:02:18,611 - root -INFO - [SQL] Creation data_videos table  : start
2021-02-25 16:05:21,047 - root -INFO - instanciation jsScrap class et get data
2021-02-25 16:05:21,049 - root -INFO - instanciation jsScrap class et get data
2021-02-25 16:05:21,053 - root -INFO - instanciation PythonScrap class et get data
2021-02-25 16:05:21,054 - root -INFO - [DOCKER] accessing docker video title -- Start
2021-02-25 16:05:21,056 - root -INFO - [DOCKER] accessing docker video title -- End
2021-02-25 16:05:21,057 - root -INFO - [DOCKER] accessing docker video link -- Start
2021-02-25 16:05:21,059 - root -INFO - [DOCKER] accessing docker video link -- End
2021-02-25 16:05:21,061 - root -INFO - [DOCKER] accessing docker video youtuber -- Start
2021-02-25 16:05:21,062 - root -INFO - [DOCKER] accessing docker video youtuber -- End
2021-02-25 16:05:21,063 - root -INFO - [DOCKER] accessing docker video duration -- Start
2021-02-25 16:05:21,064 - root -INFO - [DOCKER] accessing docker video duration -- End
2021-02-25 16:05:21,066 - root -INFO - [DOCKER] accessing docker video vues -- Start
2021-02-25 16:05:21,068 - root -INFO - [DOCKER] accessing docker video vues -- End
2021-02-25 16:05:21,069 - root -INFO - [DOCKER] accessing docker video theme -- Start
2021-02-25 16:05:21,070 - root -INFO - [DOCKER] accessing docker video theme -- End
2021-02-25 16:05:21,072 - root -INFO - [DOCKER] accessing docker zip list -- Start
2021-02-25 16:05:21,073 - root -INFO - [DOCKER] accessing docker zip list -- End
2021-02-25 16:05:21,075 - root -INFO - instanciation PythonScrap class et get data
2021-02-25 16:05:21,076 - root -INFO - instanciation PythonScrap class et get data
2021-02-25 16:05:21,078 - root -INFO - [SQL] Connection with sql docker for docker video table: start
2021-02-25 16:05:21,099 - mysql.connector.connection -DEBUG - new_auth_plugin: caching_sha2_password
2021-02-25 16:05:21,106 - root -INFO - [SQL] Connection with sql connector : end
2021-02-25 16:05:21,108 - root -INFO - [DOCKER] accessing docker video title -- Start
2021-02-25 16:05:21,110 - root -INFO - [DOCKER] accessing docker video title -- End
2021-02-25 16:05:21,112 - root -INFO - [DOCKER] accessing docker video link -- Start
2021-02-25 16:05:21,113 - root -INFO - [DOCKER] accessing docker video link -- End
2021-02-25 16:05:21,115 - root -INFO - [DOCKER] accessing docker video youtuber -- Start
2021-02-25 16:05:21,116 - root -INFO - [DOCKER] accessing docker video youtuber -- End
2021-02-25 16:05:21,120 - root -INFO - [DOCKER] accessing docker video duration -- Start
2021-02-25 16:05:21,123 - root -INFO - [DOCKER] accessing docker video duration -- End
2021-02-25 16:05:21,124 - root -INFO - [DOCKER] accessing docker video vues -- Start
2021-02-25 16:05:21,126 - root -INFO - [DOCKER] accessing docker video vues -- End
2021-02-25 16:05:21,129 - root -INFO - [DOCKER] accessing docker video theme -- Start
2021-02-25 16:05:21,130 - root -INFO - [DOCKER] accessing docker video theme -- End
2021-02-25 16:05:21,131 - root -INFO - [DOCKER] accessing docker zip list -- Start
2021-02-25 16:05:21,132 - root -INFO - [DOCKER] accessing docker zip list -- End
2021-02-25 16:05:21,134 - root -INFO - instanciation jsScrap class et get data
2021-02-25 16:05:21,135 - root -INFO - instanciation jsScrap class et get data
2021-02-25 16:05:21,137 - root -INFO - instanciation PythonScrap class et get data
2021-02-25 16:05:21,138 - root -INFO - instanciation PythonScrap class et get data
2021-02-25 16:05:21,140 - root -INFO - [SQL] Creation data_videos table  : start
2021-02-25 16:05:21,201 - root -INFO - [SQL] Creation data_videos table : end
2021-02-25 16:05:21,203 - root -INFO - [SQL] Insert data in data_videos table  : start
2021-02-25 16:05:21,239 - root -INFO - [SQL] Insert data in data_videos table  : end
